[Ср. сент. 25 21:31:21 VOLT 2013] Can't create listen socket: IO::Socket::INET: Адрес уже используется at /usr/local/share/perl/5.14.2/Mojo/IOLoop.pm line 122
[Ср. сент. 25 21:41:50 VOLT 2013] Server available at http://127.0.0.1:3001.
[Ср. сент. 25 21:41:50 VOLT 2013] File "templates/articles/list.html.ep" changed, restarting.
[Ср. сент. 25 21:41:51 VOLT 2013] File "templates/articles/list.html.ep" changed, restarting.
[Ср. сент. 25 21:41:57 VOLT 2013] File "templates/articles/list.html.ep" changed, restarting.
[Ср. сент. 25 21:42:10 VOLT 2013] File "lib/Wiki" changed, restarting.
[Ср. сент. 25 21:42:14 VOLT 2013] File "lib/Wiki" changed, restarting.
[Ср. сент. 25 21:42:15 VOLT 2013] File "lib/Wiki" changed, restarting.
[Ср. сент. 25 21:42:21 VOLT 2013] File "lib/Wiki" changed, restarting.
[Ср. сент. 25 21:42:22 VOLT 2013] File "lib/Wiki" changed, restarting.
[Ср. сент. 25 21:42:30 VOLT 2013] File "lib/Wiki" changed, restarting.
[Ср. сент. 25 21:42:30 VOLT 2013] File "lib/Wiki" changed, restarting.
[Ср. сент. 25 21:42:33 VOLT 2013] File "lib/Wiki" changed, restarting.
[Ср. сент. 25 21:42:34 VOLT 2013] File "lib/Wiki" changed, restarting.
[Ср. сент. 25 21:42:34 VOLT 2013] File "lib/Wiki/Articles.pm" changed, restarting.
[Ср. сент. 25 21:42:53 VOLT 2013] File "templates/articles" changed, restarting.
[Ср. сент. 25 21:42:56 VOLT 2013] File "templates/articles" changed, restarting.
[Ср. сент. 25 21:42:59 VOLT 2013] File "templates/articles" changed, restarting.
[Ср. сент. 25 21:42:59 VOLT 2013] File "templates/articles" changed, restarting.
[Ср. сент. 25 21:43:05 VOLT 2013] File "templates/articles" changed, restarting.
[Ср. сент. 25 21:43:08 VOLT 2013] File "templates/articles" changed, restarting.
[Ср. сент. 25 21:43:12 VOLT 2013] File "templates/articles" changed, restarting.
[Ср. сент. 25 21:43:13 VOLT 2013] File "templates/articles" changed, restarting.
[Ср. сент. 25 21:43:15 VOLT 2013] File "templates/articles" changed, restarting.
[Ср. сент. 25 21:43:17 VOLT 2013] File "templates/articles" changed, restarting.
[Ср. сент. 25 21:43:18 VOLT 2013] File "templates/articles" changed, restarting.
[Ср. сент. 25 21:43:20 VOLT 2013] File "templates/articles" changed, restarting.
[Ср. сент. 25 21:43:21 VOLT 2013] File "templates/articles" changed, restarting.
[Ср. сент. 25 21:43:21 VOLT 2013] File "templates/articles/list.html.ep" changed, restarting.
[Ср. сент. 25 21:43:27 VOLT 2013] File "templates/articles" changed, restarting.
[Ср. сент. 25 21:43:28 VOLT 2013] File "templates/articles" changed, restarting.
[Ср. сент. 25 21:43:33 VOLT 2013] File "templates/articles" changed, restarting.
[Ср. сент. 25 21:43:34 VOLT 2013] File "templates/articles" changed, restarting.
[Ср. сент. 25 21:43:41 VOLT 2013] File "templates/articles" changed, restarting.
[Ср. сент. 25 21:43:55 VOLT 2013] File "templates/articles" changed, restarting.
[Ср. сент. 25 21:44:00 VOLT 2013] File "templates/articles" changed, restarting.
[Ср. сент. 25 21:44:05 VOLT 2013] File "templates/articles" changed, restarting.
[Ср. сент. 25 21:44:07 VOLT 2013] File "templates/articles" changed, restarting.
[Ср. сент. 25 21:44:14 VOLT 2013] File "templates/articles" changed, restarting.
[Ср. сент. 25 21:44:17 VOLT 2013] File "templates/articles" changed, restarting.
[Ср. сент. 25 21:44:17 VOLT 2013] File "templates/articles/list.html.ep" changed, restarting.
[Ср. сент. 25 21:44:30 VOLT 2013] File "templates/articles" changed, restarting.
[Ср. сент. 25 21:44:47 VOLT 2013] File "lib/Wiki.pm" changed, restarting.
[Ср. сент. 25 21:44:53 VOLT 2013] File "lib/Wiki" changed, restarting.
[Ср. сент. 25 21:45:01 VOLT 2013] File "templates/articles/list.html.ep" changed, restarting.
[Ср. сент. 25 21:45:03 VOLT 2013] File "templates/articles" changed, restarting.
[Ср. сент. 25 21:45:05 VOLT 2013] Use of uninitialized value in concatenation (.) or string at template articles/list.html.ep line 18.
[Ср. сент. 25 21:45:19 VOLT 2013] File "templates/articles" changed, restarting.
[Ср. сент. 25 21:45:21 VOLT 2013] File "templates/articles" changed, restarting.
[Ср. сент. 25 21:45:27 VOLT 2013] File "lib/Wiki.pm" changed, restarting.
[Ср. сент. 25 21:45:30 VOLT 2013] Use of uninitialized value in concatenation (.) or string at template articles/list.html.ep line 18.
[Ср. сент. 25 21:46:36 VOLT 2013] File "lib/Wiki" changed, restarting.
[Ср. сент. 25 21:46:40 VOLT 2013] File "lib/Wiki" changed, restarting.
[Ср. сент. 25 21:46:42 VOLT 2013] File "lib/Wiki" changed, restarting.
[Ср. сент. 25 21:46:42 VOLT 2013] File "lib/Wiki" changed, restarting.
[Ср. сент. 25 21:46:45 VOLT 2013] File "lib/Wiki" changed, restarting.
[Ср. сент. 25 21:46:46 VOLT 2013] File "lib/Wiki" changed, restarting.
[Ср. сент. 25 21:46:53 VOLT 2013] File "lib/Wiki" changed, restarting.
[Ср. сент. 25 21:46:54 VOLT 2013] File "lib/Wiki" changed, restarting.
[Ср. сент. 25 21:46:54 VOLT 2013] File "lib/Wiki" changed, restarting.
[Ср. сент. 25 21:46:55 VOLT 2013] File "lib/Wiki" changed, restarting.
[Ср. сент. 25 21:46:55 VOLT 2013] File "lib/Wiki/Articles.pm" changed, restarting.
[Ср. сент. 25 21:47:00 VOLT 2013] $VAR1 = bless( {
[Ср. сент. 25 21:47:00 VOLT 2013] 'fields' => {},
[Ср. сент. 25 21:47:00 VOLT 2013] 'query' => {},
[Ср. сент. 25 21:47:00 VOLT 2013] 'collection' => bless( {
[Ср. сент. 25 21:47:00 VOLT 2013] 'db' => bless( {
[Ср. сент. 25 21:47:00 VOLT 2013] 'mango' => undef,
[Ср. сент. 25 21:47:00 VOLT 2013] 'name' => 'wiki'
[Ср. сент. 25 21:47:00 VOLT 2013] }, 'Mango::Database' ),
[Ср. сент. 25 21:47:00 VOLT 2013] 'name' => 'articles'
[Ср. сент. 25 21:47:00 VOLT 2013] }, 'Mango::Collection' )
[Ср. сент. 25 21:47:00 VOLT 2013] }, 'Mango::Cursor' );
[Ср. сент. 25 21:47:00 VOLT 2013] Use of uninitialized value in concatenation (.) or string at template articles/list.html.ep line 18.
[Ср. сент. 25 21:47:21 VOLT 2013] File "lib/Wiki" changed, restarting.
[Ср. сент. 25 21:47:21 VOLT 2013] File "lib/Wiki/Articles.pm" changed, restarting.
[Ср. сент. 25 21:47:22 VOLT 2013] File "lib/Wiki" changed, restarting.
[Ср. сент. 25 21:47:27 VOLT 2013] File "lib/Wiki" changed, restarting.
[Ср. сент. 25 21:47:27 VOLT 2013] File "lib/Wiki/Articles.pm" changed, restarting.
[Ср. сент. 25 21:47:27 VOLT 2013] File "lib/Wiki" changed, restarting.
[Ср. сент. 25 21:48:57 VOLT 2013] File "lib/Wiki" changed, restarting.
[Ср. сент. 25 21:48:57 VOLT 2013] File "lib/Wiki/Articles.pm" changed, restarting.
[Ср. сент. 25 21:48:58 VOLT 2013] $VAR1 = [
[Ср. сент. 25 21:48:58 VOLT 2013] {
[Ср. сент. 25 21:48:58 VOLT 2013] '_id' => bless( {
[Ср. сент. 25 21:48:58 VOLT 2013] 'oid' => '52432139e344f42b19010000'
[Ср. сент. 25 21:48:58 VOLT 2013] }, 'Mango::BSON::ObjectID' ),
[Ср. сент. 25 21:48:58 VOLT 2013] 'content' => 'Hello world',
[Ср. сент. 25 21:48:58 VOLT 2013] 'author' => 'alex'
[Ср. сент. 25 21:48:58 VOLT 2013] }
[Ср. сент. 25 21:48:58 VOLT 2013] ];
[Ср. сент. 25 21:49:31 VOLT 2013] File "templates/articles" changed, restarting.
[Ср. сент. 25 21:49:33 VOLT 2013] File "templates/articles" changed, restarting.
[Ср. сент. 25 21:49:33 VOLT 2013] File "templates/articles/list.html.ep" changed, restarting.
[Ср. сент. 25 21:49:34 VOLT 2013] $VAR1 = [
[Ср. сент. 25 21:49:34 VOLT 2013] {
[Ср. сент. 25 21:49:34 VOLT 2013] '_id' => bless( {
[Ср. сент. 25 21:49:34 VOLT 2013] 'oid' => '52432139e344f42b19010000'
[Ср. сент. 25 21:49:34 VOLT 2013] }, 'Mango::BSON::ObjectID' ),
[Ср. сент. 25 21:49:34 VOLT 2013] 'content' => 'Hello world',
[Ср. сент. 25 21:49:34 VOLT 2013] 'author' => 'alex'
[Ср. сент. 25 21:49:34 VOLT 2013] }
[Ср. сент. 25 21:49:34 VOLT 2013] ];
[Ср. сент. 25 21:49:46 VOLT 2013] File "templates/articles/list.html.ep" changed, restarting.
[Ср. сент. 25 21:49:46 VOLT 2013] File "templates/articles" changed, restarting.
[Ср. сент. 25 21:49:46 VOLT 2013] $VAR1 = [
[Ср. сент. 25 21:49:46 VOLT 2013] {
[Ср. сент. 25 21:49:46 VOLT 2013] '_id' => bless( {
[Ср. сент. 25 21:49:46 VOLT 2013] 'oid' => '52432139e344f42b19010000'
[Ср. сент. 25 21:49:46 VOLT 2013] }, 'Mango::BSON::ObjectID' ),
[Ср. сент. 25 21:49:46 VOLT 2013] 'content' => 'Hello world',
[Ср. сент. 25 21:49:46 VOLT 2013] 'author' => 'alex'
[Ср. сент. 25 21:49:46 VOLT 2013] }
[Ср. сент. 25 21:49:46 VOLT 2013] ];
[Ср. сент. 25 21:49:47 VOLT 2013] File "templates/articles" changed, restarting.
[Ср. сент. 25 21:49:52 VOLT 2013] File "templates/articles" changed, restarting.
[Ср. сент. 25 21:49:55 VOLT 2013] File "templates/articles/list.html.ep" changed, restarting.
[Ср. сент. 25 21:49:56 VOLT 2013] $VAR1 = [
[Ср. сент. 25 21:49:56 VOLT 2013] {
[Ср. сент. 25 21:49:56 VOLT 2013] '_id' => bless( {
[Ср. сент. 25 21:49:56 VOLT 2013] 'oid' => '52432139e344f42b19010000'
[Ср. сент. 25 21:49:56 VOLT 2013] }, 'Mango::BSON::ObjectID' ),
[Ср. сент. 25 21:49:56 VOLT 2013] 'content' => 'Hello world',
[Ср. сент. 25 21:49:56 VOLT 2013] 'author' => 'alex'
[Ср. сент. 25 21:49:56 VOLT 2013] }
[Ср. сент. 25 21:49:56 VOLT 2013] ];
[Ср. сент. 25 21:49:56 VOLT 2013] File "templates/articles" changed, restarting.
[Ср. сент. 25 21:50:58 VOLT 2013] $VAR1 = [
[Ср. сент. 25 21:50:58 VOLT 2013] {
[Ср. сент. 25 21:50:58 VOLT 2013] '_id' => bless( {
[Ср. сент. 25 21:50:58 VOLT 2013] 'oid' => '52432139e344f42b19010000'
[Ср. сент. 25 21:50:58 VOLT 2013] }, 'Mango::BSON::ObjectID' ),
[Ср. сент. 25 21:50:58 VOLT 2013] 'content' => 'Hello world',
[Ср. сент. 25 21:50:58 VOLT 2013] 'author' => 'alex'
[Ср. сент. 25 21:50:58 VOLT 2013] }
[Ср. сент. 25 21:50:58 VOLT 2013] ];
[Ср. сент. 25 21:51:09 VOLT 2013] File "lib/Wiki" changed, restarting.
[Ср. сент. 25 21:51:09 VOLT 2013] File "lib/Wiki" changed, restarting.
[Ср. сент. 25 21:51:09 VOLT 2013] File "lib/Wiki/Articles.pm" changed, restarting.
[Ср. сент. 25 21:51:10 VOLT 2013] File "lib/Wiki" changed, restarting.
[Ср. сент. 25 21:51:12 VOLT 2013] $VAR1 = {
[Ср. сент. 25 21:51:12 VOLT 2013] '_id' => bless( {
[Ср. сент. 25 21:51:12 VOLT 2013] 'oid' => '52432139e344f42b19010000'
[Ср. сент. 25 21:51:12 VOLT 2013] }, 'Mango::BSON::ObjectID' ),
[Ср. сент. 25 21:51:12 VOLT 2013] 'content' => 'Hello world',
[Ср. сент. 25 21:51:12 VOLT 2013] 'author' => 'alex'
[Ср. сент. 25 21:51:12 VOLT 2013] };
[Ср. сент. 25 21:51:20 VOLT 2013] File "lib/Wiki/Articles.pm" changed, restarting.
[Ср. сент. 25 21:51:21 VOLT 2013] File "lib/Wiki" changed, restarting.
[Ср. сент. 25 21:51:57 VOLT 2013] File "lib/Wiki" changed, restarting.
[Ср. сент. 25 21:52:02 VOLT 2013] File "lib/Wiki" changed, restarting.
[Ср. сент. 25 21:52:03 VOLT 2013] File "lib/Wiki" changed, restarting.
[Ср. сент. 25 21:52:03 VOLT 2013] File "lib/Wiki" changed, restarting.
[Ср. сент. 25 21:52:06 VOLT 2013] File "lib/Wiki" changed, restarting.
[Ср. сент. 25 21:52:08 VOLT 2013] File "lib/Wiki/Articles.pm" changed, restarting.
[Ср. сент. 25 21:52:09 VOLT 2013] File "lib/Wiki" changed, restarting.
[Ср. сент. 25 21:52:11 VOLT 2013] $VAR1 = [
[Ср. сент. 25 21:52:11 VOLT 2013] {
[Ср. сент. 25 21:52:11 VOLT 2013] '_id' => bless( {
[Ср. сент. 25 21:52:11 VOLT 2013] 'oid' => '52432139e344f42b19010000'
[Ср. сент. 25 21:52:11 VOLT 2013] }, 'Mango::BSON::ObjectID' ),
[Ср. сент. 25 21:52:11 VOLT 2013] 'content' => 'Hello world',
[Ср. сент. 25 21:52:11 VOLT 2013] 'author' => 'alex'
[Ср. сент. 25 21:52:11 VOLT 2013] }
[Ср. сент. 25 21:52:11 VOLT 2013] ];
[Ср. сент. 25 21:52:58 VOLT 2013] File "templates/articles" changed, restarting.
[Ср. сент. 25 21:53:01 VOLT 2013] File "templates/articles" changed, restarting.
[Ср. сент. 25 21:53:01 VOLT 2013] File "templates/articles" changed, restarting.
[Ср. сент. 25 21:53:04 VOLT 2013] File "templates/articles" changed, restarting.
[Ср. сент. 25 21:53:09 VOLT 2013] $VAR1 = [
[Ср. сент. 25 21:53:09 VOLT 2013] {
[Ср. сент. 25 21:53:09 VOLT 2013] '_id' => bless( {
[Ср. сент. 25 21:53:09 VOLT 2013] 'oid' => '52432139e344f42b19010000'
[Ср. сент. 25 21:53:09 VOLT 2013] }, 'Mango::BSON::ObjectID' ),
[Ср. сент. 25 21:53:09 VOLT 2013] 'content' => 'Hello world',
[Ср. сент. 25 21:53:09 VOLT 2013] 'author' => 'alex'
[Ср. сент. 25 21:53:09 VOLT 2013] }
[Ср. сент. 25 21:53:09 VOLT 2013] ];
[Ср. сент. 25 21:53:09 VOLT 2013] File "templates/articles" changed, restarting.
[Ср. сент. 25 21:53:09 VOLT 2013] File "templates/articles/list.html.ep" changed, restarting.
[Ср. сент. 25 21:53:14 VOLT 2013] File "templates/articles" changed, restarting.
[Ср. сент. 25 21:53:14 VOLT 2013] File "templates/articles/list.html.ep" changed, restarting.
[Ср. сент. 25 21:53:14 VOLT 2013] $VAR1 = [
[Ср. сент. 25 21:53:14 VOLT 2013] {
[Ср. сент. 25 21:53:14 VOLT 2013] '_id' => bless( {
[Ср. сент. 25 21:53:14 VOLT 2013] 'oid' => '52432139e344f42b19010000'
[Ср. сент. 25 21:53:14 VOLT 2013] }, 'Mango::BSON::ObjectID' ),
[Ср. сент. 25 21:53:14 VOLT 2013] 'content' => 'Hello world',
[Ср. сент. 25 21:53:14 VOLT 2013] 'author' => 'alex'
[Ср. сент. 25 21:53:14 VOLT 2013] }
[Ср. сент. 25 21:53:14 VOLT 2013] ];
[Ср. сент. 25 21:53:15 VOLT 2013] File "templates/articles" changed, restarting.
[Ср. сент. 25 21:55:00 VOLT 2013] File "lib/Wiki" changed, restarting.
[Ср. сент. 25 21:55:00 VOLT 2013] File "lib/Wiki" changed, restarting.
[Ср. сент. 25 21:55:00 VOLT 2013] File "lib/Wiki/Articles.pm" changed, restarting.
[Ср. сент. 25 21:55:27 VOLT 2013] File "lib/Wiki" changed, restarting.
[Ср. сент. 25 21:55:31 VOLT 2013] File "lib/Wiki" changed, restarting.
[Ср. сент. 25 21:55:33 VOLT 2013] File "lib/Wiki" changed, restarting.
[Ср. сент. 25 21:55:34 VOLT 2013] File "lib/Wiki" changed, restarting.
[Ср. сент. 25 21:55:34 VOLT 2013] File "lib/Wiki/Articles.pm" changed, restarting.
[Ср. сент. 25 21:55:34 VOLT 2013] File "lib/Wiki" changed, restarting.
[Ср. сент. 25 21:55:36 VOLT 2013] File "lib/Wiki/Articles.pm" changed, restarting.
[Ср. сент. 25 21:55:37 VOLT 2013] File "lib/Wiki" changed, restarting.
[Ср. сент. 25 21:55:40 VOLT 2013] File "lib/Wiki" changed, restarting.
[Ср. сент. 25 21:55:45 VOLT 2013] File "lib/Wiki/Articles.pm" changed, restarting.
[Ср. сент. 25 21:55:46 VOLT 2013] File "lib/Wiki" changed, restarting.
[Ср. сент. 25 21:55:46 VOLT 2013] File "lib/Wiki" changed, restarting.
[Ср. сент. 25 21:55:48 VOLT 2013] $VAR1 = {
[Ср. сент. 25 21:55:48 VOLT 2013] 'content' => 'dfdsfdf',
[Ср. сент. 25 21:55:48 VOLT 2013] 'author' => 'sadsa'
[Ср. сент. 25 21:55:48 VOLT 2013] };
[Ср. сент. 25 21:57:23 VOLT 2013] File "lib/Wiki" changed, restarting.
[Ср. сент. 25 21:57:23 VOLT 2013] File "lib/Wiki/Articles.pm" changed, restarting.
[Ср. сент. 25 21:57:23 VOLT 2013] File "lib/Wiki" changed, restarting.
[Ср. сент. 25 21:59:22 VOLT 2013] File "lib/Wiki" changed, restarting.
[Ср. сент. 25 21:59:22 VOLT 2013] File "lib/Wiki/Articles.pm" changed, restarting.
[Ср. сент. 25 21:59:22 VOLT 2013] File "lib/Wiki" changed, restarting.
[Ср. сент. 25 21:59:31 VOLT 2013] $VAR1 = {
[Ср. сент. 25 21:59:31 VOLT 2013] 'content' => 'dsdfsdfd',
[Ср. сент. 25 21:59:31 VOLT 2013] 'author' => 'csd'
[Ср. сент. 25 21:59:31 VOLT 2013] };
[Ср. сент. 25 21:59:52 VOLT 2013] $VAR1 = {
[Ср. сент. 25 21:59:52 VOLT 2013] 'content' => 'dsdfsdfd',
[Ср. сент. 25 21:59:52 VOLT 2013] 'author' => 'csd'
[Ср. сент. 25 21:59:52 VOLT 2013] };
[Ср. сент. 25 21:59:56 VOLT 2013] File "lib/Wiki/Articles.pm" changed, restarting.
[Ср. сент. 25 21:59:57 VOLT 2013] File "lib/Wiki" changed, restarting.
[Ср. сент. 25 21:59:57 VOLT 2013] $VAR1 = {
[Ср. сент. 25 21:59:57 VOLT 2013] 'content' => 'dsdfsdfd',
[Ср. сент. 25 21:59:57 VOLT 2013] 'author' => 'csd'
[Ср. сент. 25 21:59:57 VOLT 2013] };
[Ср. сент. 25 22:04:19 VOLT 2013] File "lib/Wiki" changed, restarting.
[Ср. сент. 25 22:04:20 VOLT 2013] File "lib/Wiki" changed, restarting.
[Ср. сент. 25 22:04:22 VOLT 2013] File "lib/Wiki" changed, restarting.
[Ср. сент. 25 22:04:25 VOLT 2013] File "lib/Wiki" changed, restarting.
[Ср. сент. 25 22:04:25 VOLT 2013] File "lib/Wiki/Articles.pm" changed, restarting.
[Ср. сент. 25 22:04:26 VOLT 2013] File "lib/Wiki" changed, restarting.
[Ср. сент. 25 22:04:39 VOLT 2013] File "lib/Wiki" changed, restarting.
[Ср. сент. 25 22:04:42 VOLT 2013] File "lib/Wiki/Articles.pm" changed, restarting.
[Ср. сент. 25 22:04:48 VOLT 2013] File "lib/Wiki" changed, restarting.
[Ср. сент. 25 22:04:50 VOLT 2013] File "lib/Wiki/Articles.pm" changed, restarting.
[Ср. сент. 25 22:04:50 VOLT 2013] File "lib/Wiki" changed, restarting.
[Ср. сент. 25 22:04:51 VOLT 2013] File "lib/Wiki" changed, restarting.
[Ср. сент. 25 22:07:05 VOLT 2013] File "lib/Wiki" changed, restarting.
[Ср. сент. 25 22:07:05 VOLT 2013] File "lib/Wiki/Articles.pm" changed, restarting.
[Ср. сент. 25 22:07:05 VOLT 2013] File "lib/Wiki" changed, restarting.
[Ср. сент. 25 22:07:34 VOLT 2013] File "lib/Wiki" changed, restarting.
[Ср. сент. 25 22:07:34 VOLT 2013] File "lib/Wiki/Articles.pm" changed, restarting.
[Ср. сент. 25 22:07:36 VOLT 2013] File "lib/Wiki" changed, restarting.
[Ср. сент. 25 22:07:45 VOLT 2013] $VAR1 = {
[Ср. сент. 25 22:07:45 VOLT 2013] 'content' => 'sddsad',
[Ср. сент. 25 22:07:45 VOLT 2013] 'author' => 'dasd'
[Ср. сент. 25 22:07:45 VOLT 2013] };
[Ср. сент. 25 22:08:17 VOLT 2013] File "lib/Wiki.pm" changed, restarting.
[Ср. сент. 25 22:08:26 VOLT 2013] $VAR1 = {
[Ср. сент. 25 22:08:26 VOLT 2013] 'content' => 'sddsad',
[Ср. сент. 25 22:08:26 VOLT 2013] 'author' => 'dasd'
[Ср. сент. 25 22:08:26 VOLT 2013] };
[Ср. сент. 25 22:08:39 VOLT 2013] File "lib/Wiki.pm" changed, restarting.
[Ср. сент. 25 22:09:44 VOLT 2013] File "lib/Wiki.pm" changed, restarting.
[Ср. сент. 25 22:09:51 VOLT 2013] File "lib/Wiki.pm" changed, restarting.
[Ср. сент. 25 22:12:03 VOLT 2013] File "lib/Wiki" changed, restarting.
[Ср. сент. 25 22:12:05 VOLT 2013] File "lib/Wiki" changed, restarting.
[Ср. сент. 25 22:12:17 VOLT 2013] File "lib/Wiki.pm" changed, restarting.
[Ср. сент. 25 22:13:33 VOLT 2013] File "lib/Wiki.pm" changed, restarting.
[Ср. сент. 25 22:14:18 VOLT 2013] File "lib/Wiki" changed, restarting.
[Ср. сент. 25 22:14:19 VOLT 2013] File "lib/Wiki" changed, restarting.
[Ср. сент. 25 22:14:19 VOLT 2013] File "lib/Wiki" changed, restarting.
[Ср. сент. 25 22:14:22 VOLT 2013] File "lib/Wiki" changed, restarting.
[Ср. сент. 25 22:14:22 VOLT 2013] File "lib/Wiki/Articles.pm" changed, restarting.
[Ср. сент. 25 22:14:23 VOLT 2013] File "lib/Wiki" changed, restarting.
[Ср. сент. 25 22:15:06 VOLT 2013] File "lib/Wiki" changed, restarting.
[Ср. сент. 25 22:15:08 VOLT 2013] File "lib/Wiki" changed, restarting.
[Ср. сент. 25 22:15:09 VOLT 2013] File "lib/Wiki/Articles.pm" changed, restarting.
[Ср. сент. 25 22:15:10 VOLT 2013] File "lib/Wiki" changed, restarting.
[Ср. сент. 25 22:15:49 VOLT 2013] $VAR1 = [
[Ср. сент. 25 22:15:49 VOLT 2013] {
[Ср. сент. 25 22:15:49 VOLT 2013] '_id' => bless( {
[Ср. сент. 25 22:15:49 VOLT 2013] 'oid' => '52432139e344f42b19010000'
[Ср. сент. 25 22:15:49 VOLT 2013] }, 'Mango::BSON::ObjectID' ),
[Ср. сент. 25 22:15:49 VOLT 2013] 'content' => 'Hello world',
[Ср. сент. 25 22:15:49 VOLT 2013] 'author' => 'alex'
[Ср. сент. 25 22:15:49 VOLT 2013] },
[Ср. сент. 25 22:15:49 VOLT 2013] {
[Ср. сент. 25 22:15:49 VOLT 2013] '_id' => bless( {
[Ср. сент. 25 22:15:49 VOLT 2013] 'oid' => '52432318e344f42c47010000'
[Ср. сент. 25 22:15:49 VOLT 2013] }, 'Mango::BSON::ObjectID' ),
[Ср. сент. 25 22:15:49 VOLT 2013] 'content' => 'second',
[Ср. сент. 25 22:15:49 VOLT 2013] 'author' => 'pavel'
[Ср. сент. 25 22:15:49 VOLT 2013] },
[Ср. сент. 25 22:15:49 VOLT 2013] {
[Ср. сент. 25 22:15:49 VOLT 2013] '_id' => bless( {
[Ср. сент. 25 22:15:49 VOLT 2013] 'oid' => '524323a4e344f42c73010000'
[Ср. сент. 25 22:15:49 VOLT 2013] }, 'Mango::BSON::ObjectID' ),
[Ср. сент. 25 22:15:49 VOLT 2013] 'content' => 'dfdsfdf',
[Ср. сент. 25 22:15:49 VOLT 2013] 'author' => 'sadsa'
[Ср. сент. 25 22:15:49 VOLT 2013] },
[Ср. сент. 25 22:15:49 VOLT 2013] {
[Ср. сент. 25 22:15:49 VOLT 2013] '_id' => bless( {
[Ср. сент. 25 22:15:49 VOLT 2013] 'oid' => '5243249de344f42c96010000'
[Ср. сент. 25 22:15:49 VOLT 2013] }, 'Mango::BSON::ObjectID' ),
[Ср. сент. 25 22:15:49 VOLT 2013] 'content' => 'dsdfsdfd',
[Ср. сент. 25 22:15:49 VOLT 2013] 'author' => 'csd'
[Ср. сент. 25 22:15:49 VOLT 2013] }
[Ср. сент. 25 22:15:49 VOLT 2013] ];
[Ср. сент. 25 22:16:32 VOLT 2013] File "lib/Wiki" changed, restarting.
[Ср. сент. 25 22:16:34 VOLT 2013] File "lib/Wiki" changed, restarting.
[Ср. сент. 25 22:16:35 VOLT 2013] File "lib/Wiki" changed, restarting.
[Ср. сент. 25 22:16:36 VOLT 2013] File "lib/Wiki" changed, restarting.
[Ср. сент. 25 22:16:39 VOLT 2013] File "lib/Wiki/Articles.pm" changed, restarting.
[Ср. сент. 25 22:16:40 VOLT 2013] File "lib/Wiki" changed, restarting.
[Ср. сент. 25 22:16:43 VOLT 2013] File "lib/Wiki" changed, restarting.
[Ср. сент. 25 22:16:43 VOLT 2013] File "lib/Wiki/Articles.pm" changed, restarting.
[Ср. сент. 25 22:16:44 VOLT 2013] File "lib/Wiki" changed, restarting.
[Ср. сент. 25 22:16:46 VOLT 2013] $VAR1 = [
[Ср. сент. 25 22:16:46 VOLT 2013] {
[Ср. сент. 25 22:16:46 VOLT 2013] '_id' => bless( {
[Ср. сент. 25 22:16:46 VOLT 2013] 'oid' => '52432139e344f42b19010000'
[Ср. сент. 25 22:16:46 VOLT 2013] }, 'Mango::BSON::ObjectID' ),
[Ср. сент. 25 22:16:46 VOLT 2013] 'content' => 'Hello world',
[Ср. сент. 25 22:16:46 VOLT 2013] 'author' => 'alex'
[Ср. сент. 25 22:16:46 VOLT 2013] },
[Ср. сент. 25 22:16:46 VOLT 2013] {
[Ср. сент. 25 22:16:46 VOLT 2013] '_id' => bless( {
[Ср. сент. 25 22:16:46 VOLT 2013] 'oid' => '52432318e344f42c47010000'
[Ср. сент. 25 22:16:46 VOLT 2013] }, 'Mango::BSON::ObjectID' ),
[Ср. сент. 25 22:16:46 VOLT 2013] 'content' => 'second',
[Ср. сент. 25 22:16:46 VOLT 2013] 'author' => 'pavel'
[Ср. сент. 25 22:16:46 VOLT 2013] },
[Ср. сент. 25 22:16:46 VOLT 2013] {
[Ср. сент. 25 22:16:46 VOLT 2013] '_id' => bless( {
[Ср. сент. 25 22:16:46 VOLT 2013] 'oid' => '524323a4e344f42c73010000'
[Ср. сент. 25 22:16:46 VOLT 2013] }, 'Mango::BSON::ObjectID' ),
[Ср. сент. 25 22:16:46 VOLT 2013] 'content' => 'dfdsfdf',
[Ср. сент. 25 22:16:46 VOLT 2013] 'author' => 'sadsa'
[Ср. сент. 25 22:16:46 VOLT 2013] },
[Ср. сент. 25 22:16:46 VOLT 2013] {
[Ср. сент. 25 22:16:46 VOLT 2013] '_id' => bless( {
[Ср. сент. 25 22:16:46 VOLT 2013] 'oid' => '5243249de344f42c96010000'
[Ср. сент. 25 22:16:46 VOLT 2013] }, 'Mango::BSON::ObjectID' ),
[Ср. сент. 25 22:16:46 VOLT 2013] 'content' => 'dsdfsdfd',
[Ср. сент. 25 22:16:46 VOLT 2013] 'author' => 'csd'
[Ср. сент. 25 22:16:46 VOLT 2013] }
[Ср. сент. 25 22:16:46 VOLT 2013] ];
[Ср. сент. 25 22:17:13 VOLT 2013] File "lib/Wiki" changed, restarting.
[Ср. сент. 25 22:17:18 VOLT 2013] File "lib/Wiki" changed, restarting.
[Ср. сент. 25 22:17:20 VOLT 2013] File "lib/Wiki" changed, restarting.
[Ср. сент. 25 22:17:25 VOLT 2013] File "lib/Wiki" changed, restarting.
[Ср. сент. 25 22:17:27 VOLT 2013] File "lib/Wiki" changed, restarting.
[Ср. сент. 25 22:17:27 VOLT 2013] File "lib/Wiki/Articles.pm" changed, restarting.
[Ср. сент. 25 22:17:28 VOLT 2013] File "lib/Wiki" changed, restarting.
[Ср. сент. 25 22:17:30 VOLT 2013] $VAR1 = [
[Ср. сент. 25 22:17:30 VOLT 2013] {
[Ср. сент. 25 22:17:30 VOLT 2013] '_id' => bless( {
[Ср. сент. 25 22:17:30 VOLT 2013] 'oid' => '52432139e344f42b19010000'
[Ср. сент. 25 22:17:30 VOLT 2013] }, 'Mango::BSON::ObjectID' ),
[Ср. сент. 25 22:17:30 VOLT 2013] 'content' => 'Hello world',
[Ср. сент. 25 22:17:30 VOLT 2013] 'author' => 'alex'
[Ср. сент. 25 22:17:30 VOLT 2013] },
[Ср. сент. 25 22:17:30 VOLT 2013] {
[Ср. сент. 25 22:17:30 VOLT 2013] '_id' => bless( {
[Ср. сент. 25 22:17:30 VOLT 2013] 'oid' => '52432318e344f42c47010000'
[Ср. сент. 25 22:17:30 VOLT 2013] }, 'Mango::BSON::ObjectID' ),
[Ср. сент. 25 22:17:30 VOLT 2013] 'content' => 'second',
[Ср. сент. 25 22:17:30 VOLT 2013] 'author' => 'pavel'
[Ср. сент. 25 22:17:30 VOLT 2013] },
[Ср. сент. 25 22:17:30 VOLT 2013] {
[Ср. сент. 25 22:17:30 VOLT 2013] '_id' => bless( {
[Ср. сент. 25 22:17:30 VOLT 2013] 'oid' => '524323a4e344f42c73010000'
[Ср. сент. 25 22:17:30 VOLT 2013] }, 'Mango::BSON::ObjectID' ),
[Ср. сент. 25 22:17:30 VOLT 2013] 'content' => 'dfdsfdf',
[Ср. сент. 25 22:17:30 VOLT 2013] 'author' => 'sadsa'
[Ср. сент. 25 22:17:30 VOLT 2013] },
[Ср. сент. 25 22:17:30 VOLT 2013] {
[Ср. сент. 25 22:17:30 VOLT 2013] '_id' => bless( {
[Ср. сент. 25 22:17:30 VOLT 2013] 'oid' => '5243249de344f42c96010000'
[Ср. сент. 25 22:17:30 VOLT 2013] }, 'Mango::BSON::ObjectID' ),
[Ср. сент. 25 22:17:30 VOLT 2013] 'content' => 'dsdfsdfd',
[Ср. сент. 25 22:17:30 VOLT 2013] 'author' => 'csd'
[Ср. сент. 25 22:17:30 VOLT 2013] }
[Ср. сент. 25 22:17:30 VOLT 2013] ];
[Ср. сент. 25 22:17:39 VOLT 2013] File "lib/Wiki" changed, restarting.
[Ср. сент. 25 22:17:40 VOLT 2013] File "lib/Wiki" changed, restarting.
[Ср. сент. 25 22:17:42 VOLT 2013] File "lib/Wiki" changed, restarting.
[Ср. сент. 25 22:17:42 VOLT 2013] File "lib/Wiki/Articles.pm" changed, restarting.
[Ср. сент. 25 22:17:42 VOLT 2013] File "lib/Wiki" changed, restarting.
[Ср. сент. 25 22:17:45 VOLT 2013] File "lib/Wiki" changed, restarting.
[Ср. сент. 25 22:17:45 VOLT 2013] File "lib/Wiki/Articles.pm" changed, restarting.
[Ср. сент. 25 22:17:45 VOLT 2013] File "lib/Wiki" changed, restarting.
[Ср. сент. 25 22:18:00 VOLT 2013] File "lib/Wiki" changed, restarting.
[Ср. сент. 25 22:18:00 VOLT 2013] File "lib/Wiki/Articles.pm" changed, restarting.
[Ср. сент. 25 22:18:01 VOLT 2013] File "lib/Wiki" changed, restarting.
[Ср. сент. 25 22:18:07 VOLT 2013] File "lib/Wiki" changed, restarting.
[Ср. сент. 25 22:18:09 VOLT 2013] File "lib/Wiki" changed, restarting.
[Ср. сент. 25 22:18:10 VOLT 2013] File "lib/Wiki" changed, restarting.
[Ср. сент. 25 22:18:10 VOLT 2013] File "lib/Wiki" changed, restarting.
[Ср. сент. 25 22:18:12 VOLT 2013] File "lib/Wiki/Articles.pm" changed, restarting.
[Ср. сент. 25 22:18:12 VOLT 2013] File "lib/Wiki" changed, restarting.
[Ср. сент. 25 22:18:13 VOLT 2013] File "lib/Wiki" changed, restarting.
[Ср. сент. 25 22:18:53 VOLT 2013] File "lib/Wiki" changed, restarting.
[Ср. сент. 25 22:18:55 VOLT 2013] File "lib/Wiki" changed, restarting.
[Ср. сент. 25 22:18:56 VOLT 2013] File "lib/Wiki" changed, restarting.
[Ср. сент. 25 22:19:00 VOLT 2013] File "lib/Wiki" changed, restarting.
[Ср. сент. 25 22:19:06 VOLT 2013] File "lib/Wiki" changed, restarting.
[Ср. сент. 25 22:19:07 VOLT 2013] File "lib/Wiki" changed, restarting.
[Ср. сент. 25 22:19:09 VOLT 2013] File "lib/Wiki/Articles.pm" changed, restarting.
[Ср. сент. 25 22:19:10 VOLT 2013] File "lib/Wiki" changed, restarting.
[Ср. сент. 25 22:19:20 VOLT 2013] File "lib/Wiki" changed, restarting.
[Ср. сент. 25 22:19:21 VOLT 2013] File "lib/Wiki" changed, restarting.
[Ср. сент. 25 22:19:23 VOLT 2013] File "lib/Wiki" changed, restarting.
[Ср. сент. 25 22:19:30 VOLT 2013] File "lib/Wiki" changed, restarting.
[Ср. сент. 25 22:19:34 VOLT 2013] File "lib/Wiki" changed, restarting.
[Ср. сент. 25 22:19:34 VOLT 2013] File "lib/Wiki" changed, restarting.
[Ср. сент. 25 22:19:39 VOLT 2013] File "lib/Wiki" changed, restarting.
[Ср. сент. 25 22:19:39 VOLT 2013] File "lib/Wiki/Articles.pm" changed, restarting.
[Ср. сент. 25 22:19:40 VOLT 2013] File "lib/Wiki" changed, restarting.
[Ср. сент. 25 22:19:56 VOLT 2013] File "lib/Wiki" changed, restarting.
[Ср. сент. 25 22:19:56 VOLT 2013] File "lib/Wiki" changed, restarting.
[Ср. сент. 25 22:19:58 VOLT 2013] File "lib/Wiki" changed, restarting.
[Ср. сент. 25 22:19:58 VOLT 2013] File "lib/Wiki/Articles.pm" changed, restarting.
[Ср. сент. 25 22:24:20 VOLT 2013] File "lib/Wiki" changed, restarting.
[Ср. сент. 25 22:24:22 VOLT 2013] File "templates/articles" changed, restarting.
[Ср. сент. 25 22:24:23 VOLT 2013] File "templates/articles" changed, restarting.
[Ср. сент. 25 22:24:38 VOLT 2013] File "lib/Wiki.pm" changed, restarting.
[Ср. сент. 25 22:24:52 VOLT 2013] File "lib/Wiki" changed, restarting.
[Ср. сент. 25 22:24:53 VOLT 2013] File "lib/Wiki" changed, restarting.
[Ср. сент. 25 22:24:54 VOLT 2013] File "lib/Wiki" changed, restarting.
[Ср. сент. 25 22:25:40 VOLT 2013] File "lib/Wiki.pm" changed, restarting.
[Ср. сент. 25 22:30:01 VOLT 2013] File "lib/Wiki" changed, restarting.
[Ср. сент. 25 22:30:01 VOLT 2013] File "lib/Wiki/Articles.pm" changed, restarting.
[Ср. сент. 25 22:30:02 VOLT 2013] File "lib/Wiki" changed, restarting.
[Ср. сент. 25 22:30:09 VOLT 2013] File "lib/Wiki" changed, restarting.
[Ср. сент. 25 22:30:09 VOLT 2013] File "lib/Wiki/Articles.pm" changed, restarting.
[Ср. сент. 25 22:30:20 VOLT 2013] File "lib/Wiki/Articles.pm" changed, restarting.
[Ср. сент. 25 22:30:21 VOLT 2013] File "lib/Wiki" changed, restarting.
[Ср. сент. 25 22:30:26 VOLT 2013] File "lib/Wiki/Articles.pm" changed, restarting.
[Ср. сент. 25 22:30:27 VOLT 2013] File "lib/Wiki" changed, restarting.
[Ср. сент. 25 22:31:53 VOLT 2013] File "lib/Wiki.pm" changed, restarting.
[Ср. сент. 25 22:32:46 VOLT 2013] File "lib/Wiki.pm" changed, restarting.
[Ср. сент. 25 22:32:48 VOLT 2013] Deep recursion on subroutine "Mojolicious::Controller::AUTOLOAD" at /mfr/www/wiki/script/../lib/Wiki.pm line 17.
[Ср. сент. 25 22:32:48 VOLT 2013] Deep recursion on anonymous subroutine at /usr/local/share/perl/5.14.2/Mojolicious/Controller.pm line 37.
[Ср. сент. 25 22:36:43 VOLT 2013] Deep recursion on subroutine "Mojolicious::Controller::AUTOLOAD" at /mfr/www/wiki/script/../lib/Wiki.pm line 17.
[Ср. сент. 25 22:36:44 VOLT 2013] Deep recursion on anonymous subroutine at /usr/local/share/perl/5.14.2/Mojolicious/Controller.pm line 37.
[Ср. сент. 25 22:46:28 VOLT 2013] Server available at http://127.0.0.1:3001.
[Ср. сент. 25 22:46:28 VOLT 2013] File "lib/Wiki" changed, restarting.
[Ср. сент. 25 22:46:30 VOLT 2013] File "lib/Wiki" changed, restarting.
[Ср. сент. 25 22:46:33 VOLT 2013] File "lib/Wiki/Articles.pm" changed, restarting.
[Ср. сент. 25 22:46:33 VOLT 2013] File "lib/Wiki" changed, restarting.
[Ср. сент. 25 22:47:00 VOLT 2013] File "lib/Wiki.pm" changed, restarting.
[Ср. сент. 25 22:47:15 VOLT 2013] File "lib/Wiki.pm" changed, restarting.
[Ср. сент. 25 22:47:24 VOLT 2013] File "lib/Wiki" changed, restarting.
[Ср. сент. 25 22:47:24 VOLT 2013] File "lib/Wiki/Articles.pm" changed, restarting.
[Ср. сент. 25 22:47:26 VOLT 2013] File "lib/Wiki" changed, restarting.
[Ср. сент. 25 22:47:34 VOLT 2013] File "lib/Wiki.pm" changed, restarting.
[Ср. сент. 25 22:47:47 VOLT 2013] File "lib/Wiki.pm" changed, restarting.
[Ср. сент. 25 22:48:16 VOLT 2013] File "lib/Wiki.pm" changed, restarting.
[Ср. сент. 25 22:48:47 VOLT 2013] File "lib/Wiki" changed, restarting.
[Ср. сент. 25 22:48:47 VOLT 2013] File "lib/Wiki/Articles.pm" changed, restarting.
[Ср. сент. 25 22:48:48 VOLT 2013] File "lib/Wiki" changed, restarting.
[Ср. сент. 25 22:49:16 VOLT 2013] File "lib/Wiki" changed, restarting.
[Ср. сент. 25 22:49:18 VOLT 2013] File "lib/Wiki" changed, restarting.
[Ср. сент. 25 22:49:23 VOLT 2013] File "lib/Wiki" changed, restarting.
[Ср. сент. 25 22:49:28 VOLT 2013] File "lib/Wiki/Articles.pm" changed, restarting.
[Ср. сент. 25 22:49:29 VOLT 2013] File "lib/Wiki" changed, restarting.
[Ср. сент. 25 22:49:43 VOLT 2013] $VAR1 = bless( {
[Ср. сент. 25 22:49:43 VOLT 2013] 'mango' => bless( {
[Ср. сент. 25 22:49:43 VOLT 2013] 'hosts' => [
[Ср. сент. 25 22:49:43 VOLT 2013] [
[Ср. сент. 25 22:49:43 VOLT 2013] 'localhost',
[Ср. сент. 25 22:49:43 VOLT 2013] '27017'
[Ср. сент. 25 22:49:43 VOLT 2013] ]
[Ср. сент. 25 22:49:43 VOLT 2013] ]
[Ср. сент. 25 22:49:43 VOLT 2013] }, 'Mango' ),
[Ср. сент. 25 22:49:43 VOLT 2013] 'name' => 'wiki'
[Ср. сент. 25 22:49:43 VOLT 2013] }, 'Mango::Database' );
[Ср. сент. 25 22:49:51 VOLT 2013] File "lib/Wiki" changed, restarting.
[Ср. сент. 25 22:49:51 VOLT 2013] File "lib/Wiki/Articles.pm" changed, restarting.
[Ср. сент. 25 22:49:55 VOLT 2013] $VAR1 = bless( {
[Ср. сент. 25 22:49:55 VOLT 2013] 'mango' => bless( {
[Ср. сент. 25 22:49:55 VOLT 2013] 'hosts' => [
[Ср. сент. 25 22:49:55 VOLT 2013] [
[Ср. сент. 25 22:49:55 VOLT 2013] 'localhost',
[Ср. сент. 25 22:49:55 VOLT 2013] '27017'
[Ср. сент. 25 22:49:55 VOLT 2013] ]
[Ср. сент. 25 22:49:55 VOLT 2013] ]
[Ср. сент. 25 22:49:55 VOLT 2013] }, 'Mango' ),
[Ср. сент. 25 22:49:55 VOLT 2013] 'name' => 'wiki'
[Ср. сент. 25 22:49:55 VOLT 2013] }, 'Mango::Database' );
[Ср. сент. 25 22:49:59 VOLT 2013] $VAR1 = bless( {
[Ср. сент. 25 22:49:59 VOLT 2013] 'mango' => undef,
[Ср. сент. 25 22:49:59 VOLT 2013] 'name' => 'wiki'
[Ср. сент. 25 22:49:59 VOLT 2013] }, 'Mango::Database' );
[Ср. сент. 25 22:50:13 VOLT 2013] File "lib/Wiki.pm" changed, restarting.
[Ср. сент. 25 22:50:17 VOLT 2013] File "lib/Wiki.pm" changed, restarting.
[Ср. сент. 25 22:50:22 VOLT 2013] File "lib/Wiki/Articles.pm" changed, restarting.
[Ср. сент. 25 22:50:22 VOLT 2013] File "lib/Wiki" changed, restarting.
[Ср. сент. 25 22:50:25 VOLT 2013] $VAR1 = bless( {
[Ср. сент. 25 22:50:25 VOLT 2013] 'mango' => bless( {
[Ср. сент. 25 22:50:25 VOLT 2013] 'hosts' => [
[Ср. сент. 25 22:50:25 VOLT 2013] [
[Ср. сент. 25 22:50:25 VOLT 2013] 'localhost',
[Ср. сент. 25 22:50:25 VOLT 2013] '27017'
[Ср. сент. 25 22:50:25 VOLT 2013] ]
[Ср. сент. 25 22:50:25 VOLT 2013] ]
[Ср. сент. 25 22:50:25 VOLT 2013] }, 'Mango' ),
[Ср. сент. 25 22:50:25 VOLT 2013] 'name' => 'wiki'
[Ср. сент. 25 22:50:25 VOLT 2013] }, 'Mango::Database' );
[Ср. сент. 25 22:50:27 VOLT 2013] $VAR1 = bless( {
[Ср. сент. 25 22:50:27 VOLT 2013] 'mango' => undef,
[Ср. сент. 25 22:50:27 VOLT 2013] 'name' => 'wiki'
[Ср. сент. 25 22:50:27 VOLT 2013] }, 'Mango::Database' );
[Ср. сент. 25 22:50:43 VOLT 2013] File "lib/Wiki" changed, restarting.
[Ср. сент. 25 22:50:43 VOLT 2013] File "lib/Wiki/Articles.pm" changed, restarting.
[Ср. сент. 25 22:50:59 VOLT 2013] File "lib/Wiki" changed, restarting.
[Ср. сент. 25 22:51:00 VOLT 2013] File "lib/Wiki" changed, restarting.
[Ср. сент. 25 22:51:02 VOLT 2013] File "lib/Wiki" changed, restarting.
[Ср. сент. 25 22:51:02 VOLT 2013] File "lib/Wiki/Articles.pm" changed, restarting.
[Ср. сент. 25 22:51:06 VOLT 2013] File "lib/Wiki" changed, restarting.
[Ср. сент. 25 22:51:06 VOLT 2013] File "lib/Wiki/Articles.pm" changed, restarting.
[Ср. сент. 25 22:51:14 VOLT 2013] $VAR1 = bless( {
[Ср. сент. 25 22:51:14 VOLT 2013] 'mango' => bless( {
[Ср. сент. 25 22:51:14 VOLT 2013] 'hosts' => [
[Ср. сент. 25 22:51:14 VOLT 2013] [
[Ср. сент. 25 22:51:14 VOLT 2013] 'localhost',
[Ср. сент. 25 22:51:14 VOLT 2013] '27017'
[Ср. сент. 25 22:51:14 VOLT 2013] ]
[Ср. сент. 25 22:51:14 VOLT 2013] ]
[Ср. сент. 25 22:51:14 VOLT 2013] }, 'Mango' ),
[Ср. сент. 25 22:51:14 VOLT 2013] 'name' => 'wiki'
[Ср. сент. 25 22:51:14 VOLT 2013] }, 'Mango::Database' );
[Ср. сент. 25 22:51:16 VOLT 2013] $VAR1 = bless( {
[Ср. сент. 25 22:51:16 VOLT 2013] 'mango' => undef,
[Ср. сент. 25 22:51:16 VOLT 2013] 'name' => 'wiki'
[Ср. сент. 25 22:51:16 VOLT 2013] }, 'Mango::Database' );
[Ср. сент. 25 22:51:17 VOLT 2013] $VAR1 = bless( {
[Ср. сент. 25 22:51:17 VOLT 2013] 'mango' => undef,
[Ср. сент. 25 22:51:17 VOLT 2013] 'name' => 'wiki'
[Ср. сент. 25 22:51:17 VOLT 2013] }, 'Mango::Database' );
[Ср. сент. 25 22:52:10 VOLT 2013] File "lib/Wiki" changed, restarting.
[Ср. сент. 25 22:52:11 VOLT 2013] File "lib/Wiki" changed, restarting.
[Ср. сент. 25 22:52:11 VOLT 2013] File "lib/Wiki/Articles.pm" changed, restarting.
[Ср. сент. 25 22:55:01 VOLT 2013] File "lib/Wiki.pm" changed, restarting.
[Ср. сент. 25 22:56:39 VOLT 2013] File "lib/Wiki.pm" changed, restarting.
[Ср. сент. 25 23:02:41 VOLT 2013] File "lib/Wiki.pm" changed, restarting.
[Ср. сент. 25 23:02:45 VOLT 2013] File "lib/Wiki.pm" changed, restarting.
[Ср. сент. 25 23:03:19 VOLT 2013] File "lib/Wiki.pm" changed, restarting.
[Ср. сент. 25 23:04:18 VOLT 2013] File "lib/Wiki.pm" changed, restarting.
[Ср. сент. 25 23:04:38 VOLT 2013] File "lib/Wiki" changed, restarting.
[Ср. сент. 25 23:04:38 VOLT 2013] File "lib/Wiki/Articles.pm" changed, restarting.
[Ср. сент. 25 23:04:38 VOLT 2013] File "lib/Wiki" changed, restarting.
[Ср. сент. 25 23:04:54 VOLT 2013] File "lib/Wiki.pm" changed, restarting.
[Ср. сент. 25 23:05:00 VOLT 2013] File "lib/Wiki" changed, restarting.
[Ср. сент. 25 23:05:06 VOLT 2013] File "lib/Wiki" changed, restarting.
[Ср. сент. 25 23:05:06 VOLT 2013] File "lib/Wiki/Articles.pm" changed, restarting.
[Ср. сент. 25 23:05:08 VOLT 2013] File "lib/Wiki" changed, restarting.
[Ср. сент. 25 23:05:19 VOLT 2013] File "lib/Wiki.pm" changed, restarting.
[Ср. сент. 25 23:05:44 VOLT 2013] File "templates/articles" changed, restarting.
[Ср. сент. 25 23:05:55 VOLT 2013] File "templates/articles" changed, restarting.
[Ср. сент. 25 23:06:15 VOLT 2013] File "templates/articles" changed, restarting.
[Ср. сент. 25 23:06:25 VOLT 2013] File "templates/articles" changed, restarting.
[Ср. сент. 25 23:06:28 VOLT 2013] File "templates/articles/list.html.ep" changed, restarting.
[Ср. сент. 25 23:06:29 VOLT 2013] File "templates/articles" changed, restarting.
[Ср. сент. 25 23:06:36 VOLT 2013] File "templates/articles/list.html.ep" changed, restarting.
[Ср. сент. 25 23:06:37 VOLT 2013] File "templates/articles" changed, restarting.
[Ср. сент. 25 23:06:45 VOLT 2013] File "templates/articles/list.html.ep" changed, restarting.
[Ср. сент. 25 23:06:46 VOLT 2013] File "templates/articles" changed, restarting.
[Ср. сент. 25 23:06:48 VOLT 2013] File "templates/articles" changed, restarting.
[Ср. сент. 25 23:08:19 VOLT 2013] File "templates/articles" changed, restarting.
[Ср. сент. 25 23:08:20 VOLT 2013] File "templates/articles" changed, restarting.
[Ср. сент. 25 23:08:24 VOLT 2013] File "templates/articles" changed, restarting.
[Ср. сент. 25 23:08:28 VOLT 2013] File "templates/articles/list.html.ep" changed, restarting.
[Ср. сент. 25 23:08:29 VOLT 2013] File "templates/articles" changed, restarting.
[Ср. сент. 25 23:08:37 VOLT 2013] File "templates/articles/list.html.ep" changed, restarting.
[Ср. сент. 25 23:08:38 VOLT 2013] File "templates/articles" changed, restarting.
[Ср. сент. 25 23:08:40 VOLT 2013] File "templates/articles" changed, restarting.
[Ср. сент. 25 23:08:40 VOLT 2013] File "templates/articles/list.html.ep" changed, restarting.
[Ср. сент. 25 23:08:53 VOLT 2013] File "templates/articles/list.html.ep" changed, restarting.
[Ср. сент. 25 23:08:54 VOLT 2013] File "templates/articles" changed, restarting.
[Ср. сент. 25 23:09:05 VOLT 2013] File "templates/articles" changed, restarting.
[Ср. сент. 25 23:09:07 VOLT 2013] File "templates/articles" changed, restarting.
[Ср. сент. 25 23:09:08 VOLT 2013] File "templates/articles" changed, restarting.
[Ср. сент. 25 23:09:10 VOLT 2013] File "templates/articles" changed, restarting.
[Ср. сент. 25 23:09:10 VOLT 2013] File "templates/articles/list.html.ep" changed, restarting.
[Ср. сент. 25 23:09:10 VOLT 2013] File "templates/articles" changed, restarting.
[Ср. сент. 25 23:09:16 VOLT 2013] File "templates/articles" changed, restarting.
[Ср. сент. 25 23:09:18 VOLT 2013] File "templates/articles" changed, restarting.
[Ср. сент. 25 23:09:21 VOLT 2013] File "templates/articles" changed, restarting.
[Ср. сент. 25 23:09:30 VOLT 2013] File "templates/articles" changed, restarting.
[Ср. сент. 25 23:09:33 VOLT 2013] File "templates/articles" changed, restarting.
[Ср. сент. 25 23:09:42 VOLT 2013] File "templates/articles" changed, restarting.
[Ср. сент. 25 23:09:43 VOLT 2013] File "templates/articles/list.html.ep" changed, restarting.
[Ср. сент. 25 23:09:44 VOLT 2013] File "templates/articles" changed, restarting.
[Ср. сент. 25 23:09:54 VOLT 2013] File "templates/articles/list.html.ep" changed, restarting.
[Ср. сент. 25 23:09:56 VOLT 2013] File "templates/articles" changed, restarting.
[Ср. сент. 25 23:09:59 VOLT 2013] File "templates/articles" changed, restarting.
[Ср. сент. 25 23:10:01 VOLT 2013] File "templates/articles" changed, restarting.
[Ср. сент. 25 23:10:03 VOLT 2013] File "templates/articles" changed, restarting.
[Ср. сент. 25 23:10:06 VOLT 2013] File "templates/articles" changed, restarting.
[Ср. сент. 25 23:10:10 VOLT 2013] File "templates/articles" changed, restarting.
[Ср. сент. 25 23:10:10 VOLT 2013] File "templates/articles" changed, restarting.
[Ср. сент. 25 23:10:12 VOLT 2013] File "templates/articles" changed, restarting.
[Ср. сент. 25 23:10:13 VOLT 2013] File "templates/articles" changed, restarting.
[Ср. сент. 25 23:10:17 VOLT 2013] File "templates/articles" changed, restarting.
[Ср. сент. 25 23:10:19 VOLT 2013] File "templates/articles" changed, restarting.
[Ср. сент. 25 23:10:19 VOLT 2013] File "templates/articles/list.html.ep" changed, restarting.
[Ср. сент. 25 23:11:32 VOLT 2013] File "templates/articles" changed, restarting.
[Ср. сент. 25 23:11:34 VOLT 2013] File "templates/articles" changed, restarting.
[Ср. сент. 25 23:11:37 VOLT 2013] File "templates/articles" changed, restarting.
[Ср. сент. 25 23:11:43 VOLT 2013] File "templates/articles" changed, restarting.
[Ср. сент. 25 23:11:43 VOLT 2013] File "templates/articles/list.html.ep" changed, restarting.
[Ср. сент. 25 23:11:44 VOLT 2013] File "templates/articles" changed, restarting.
[Ср. сент. 25 23:12:41 VOLT 2013] File "templates/articles" changed, restarting.
[Ср. сент. 25 23:14:00 VOLT 2013] File "templates/articles" changed, restarting.
[Ср. сент. 25 23:14:01 VOLT 2013] File "templates/articles" changed, restarting.
[Ср. сент. 25 23:14:05 VOLT 2013] File "templates/articles" changed, restarting.
[Ср. сент. 25 23:14:14 VOLT 2013] File "templates/articles" changed, restarting.
[Ср. сент. 25 23:14:17 VOLT 2013] File "templates/articles" changed, restarting.
[Ср. сент. 25 23:14:19 VOLT 2013] File "templates/articles" changed, restarting.
[Ср. сент. 25 23:14:25 VOLT 2013] File "templates/articles" changed, restarting.
[Ср. сент. 25 23:14:28 VOLT 2013] File "templates/articles" changed, restarting.
[Ср. сент. 25 23:14:30 VOLT 2013] File "templates/articles" changed, restarting.
[Ср. сент. 25 23:14:31 VOLT 2013] File "templates/articles/list.html.ep" changed, restarting.
[Ср. сент. 25 23:14:46 VOLT 2013] File "templates/articles/list.html.ep" changed, restarting.
[Ср. сент. 25 23:14:47 VOLT 2013] File "templates/articles" changed, restarting.
[Ср. сент. 25 23:14:58 VOLT 2013] File "templates/articles" changed, restarting.
[Ср. сент. 25 23:15:02 VOLT 2013] File "templates/articles" changed, restarting.
[Ср. сент. 25 23:15:02 VOLT 2013] File "templates/articles/list.html.ep" changed, restarting.
[Ср. сент. 25 23:15:13 VOLT 2013] File "templates/articles" changed, restarting.
[Ср. сент. 25 23:15:27 VOLT 2013] File "templates/articles" changed, restarting.
[Ср. сент. 25 23:17:00 VOLT 2013] File "templates/articles" changed, restarting.
[Ср. сент. 25 23:17:01 VOLT 2013] File "templates/articles" changed, restarting.
[Ср. сент. 25 23:17:04 VOLT 2013] File "templates/articles" changed, restarting.
[Ср. сент. 25 23:17:07 VOLT 2013] File "templates/articles" changed, restarting.
[Ср. сент. 25 23:17:10 VOLT 2013] File "templates/articles" changed, restarting.
[Ср. сент. 25 23:17:12 VOLT 2013] File "templates/articles" changed, restarting.
[Ср. сент. 25 23:17:15 VOLT 2013] File "templates/articles" changed, restarting.
[Ср. сент. 25 23:17:19 VOLT 2013] File "templates/articles" changed, restarting.
[Ср. сент. 25 23:17:24 VOLT 2013] File "templates/articles" changed, restarting.
[Ср. сент. 25 23:17:29 VOLT 2013] File "templates/articles" changed, restarting.
[Ср. сент. 25 23:17:51 VOLT 2013] File "templates/articles" changed, restarting.
[Ср. сент. 25 23:17:55 VOLT 2013] File "templates/articles" changed, restarting.
[Ср. сент. 25 23:18:04 VOLT 2013] File "templates/articles/list.html.ep" changed, restarting.
[Ср. сент. 25 23:18:05 VOLT 2013] File "templates/articles" changed, restarting.
[Ср. сент. 25 23:18:14 VOLT 2013] File "templates/articles" changed, restarting.
[Ср. сент. 25 23:18:16 VOLT 2013] File "templates/articles" changed, restarting.
[Ср. сент. 25 23:18:30 VOLT 2013] File "templates/articles" changed, restarting.
[Ср. сент. 25 23:18:30 VOLT 2013] File "templates/articles/list.html.ep" changed, restarting.
[Ср. сент. 25 23:18:32 VOLT 2013] File "templates/articles" changed, restarting.
[Ср. сент. 25 23:18:53 VOLT 2013] File "templates/articles" changed, restarting.
[Ср. сент. 25 23:19:01 VOLT 2013] File "templates/articles" changed, restarting.
[Ср. сент. 25 23:19:03 VOLT 2013] File "templates/articles" changed, restarting.
[Ср. сент. 25 23:19:04 VOLT 2013] File "templates/articles" changed, restarting.
[Ср. сент. 25 23:19:05 VOLT 2013] File "templates/articles" changed, restarting.
[Ср. сент. 25 23:19:10 VOLT 2013] File "templates/articles" changed, restarting.
[Ср. сент. 25 23:19:15 VOLT 2013] File "templates/articles" changed, restarting.
[Ср. сент. 25 23:19:17 VOLT 2013] File "templates/articles" changed, restarting.
[Ср. сент. 25 23:19:23 VOLT 2013] File "templates/articles" changed, restarting.
[Ср. сент. 25 23:19:28 VOLT 2013] File "templates/articles" changed, restarting.
[Ср. сент. 25 23:19:29 VOLT 2013] File "templates/articles" changed, restarting.
[Ср. сент. 25 23:19:29 VOLT 2013] File "templates/articles/list.html.ep" changed, restarting.
[Ср. сент. 25 23:19:52 VOLT 2013] File "templates/articles/list.html.ep" changed, restarting.
[Ср. сент. 25 23:19:54 VOLT 2013] File "templates/articles" changed, restarting.
[Ср. сент. 25 23:19:54 VOLT 2013] File "templates/articles" changed, restarting.
[Ср. сент. 25 23:20:08 VOLT 2013] File "templates/articles" changed, restarting.
[Ср. сент. 25 23:20:26 VOLT 2013] File "templates/articles" changed, restarting.
[Ср. сент. 25 23:20:44 VOLT 2013] File "templates/articles" changed, restarting.
[Ср. сент. 25 23:20:48 VOLT 2013] File "templates/articles" changed, restarting.
[Ср. сент. 25 23:20:50 VOLT 2013] File "templates/articles/list.html.ep" changed, restarting.
[Ср. сент. 25 23:20:50 VOLT 2013] File "templates/articles" changed, restarting.
[Ср. сент. 25 23:20:51 VOLT 2013] File "templates/articles" changed, restarting.
[Ср. сент. 25 23:20:58 VOLT 2013] File "templates/articles" changed, restarting.
[Ср. сент. 25 23:21:16 VOLT 2013] File "templates/articles" changed, restarting.
[Ср. сент. 25 23:21:17 VOLT 2013] File "templates/articles" changed, restarting.
[Ср. сент. 25 23:21:19 VOLT 2013] File "templates/articles" changed, restarting.
[Ср. сент. 25 23:21:26 VOLT 2013] File "templates/articles" changed, restarting.
[Ср. сент. 25 23:21:28 VOLT 2013] File "templates/articles" changed, restarting.
[Ср. сент. 25 23:21:30 VOLT 2013] File "templates/articles" changed, restarting.
[Ср. сент. 25 23:21:37 VOLT 2013] File "templates/articles" changed, restarting.
[Ср. сент. 25 23:21:43 VOLT 2013] File "templates/articles" changed, restarting.
[Ср. сент. 25 23:21:44 VOLT 2013] File "templates/articles" changed, restarting.
[Ср. сент. 25 23:21:50 VOLT 2013] File "templates/articles" changed, restarting.
[Ср. сент. 25 23:21:51 VOLT 2013] File "templates/articles/list.html.ep" changed, restarting.
[Ср. сент. 25 23:21:54 VOLT 2013] File "templates/articles" changed, restarting.
[Ср. сент. 25 23:21:57 VOLT 2013] File "templates/articles" changed, restarting.
[Ср. сент. 25 23:23:08 VOLT 2013] File "templates/articles" changed, restarting.
[Ср. сент. 25 23:23:10 VOLT 2013] File "templates/articles" changed, restarting.
[Ср. сент. 25 23:23:14 VOLT 2013] File "templates/articles" changed, restarting.
[Ср. сент. 25 23:23:17 VOLT 2013] File "templates/articles" changed, restarting.
[Ср. сент. 25 23:23:20 VOLT 2013] File "templates/articles" changed, restarting.
[Ср. сент. 25 23:23:22 VOLT 2013] File "templates/articles" changed, restarting.
[Ср. сент. 25 23:23:29 VOLT 2013] File "templates/articles" changed, restarting.
[Ср. сент. 25 23:23:29 VOLT 2013] File "templates/articles/list.html.ep" changed, restarting.
[Ср. сент. 25 23:23:30 VOLT 2013] File "templates/articles" changed, restarting.
[Ср. сент. 25 23:23:38 VOLT 2013] File "templates/articles" changed, restarting.
[Ср. сент. 25 23:24:42 VOLT 2013] File "templates/articles" changed, restarting.
[Ср. сент. 25 23:27:17 VOLT 2013] File "templates/articles" changed, restarting.
[Ср. сент. 25 23:27:46 VOLT 2013] File "templates/articles" changed, restarting.
[Ср. сент. 25 23:27:56 VOLT 2013] File "templates/articles" changed, restarting.
[Ср. сент. 25 23:27:59 VOLT 2013] File "templates/articles" changed, restarting.
[Ср. сент. 25 23:28:04 VOLT 2013] File "templates/articles" changed, restarting.
[Ср. сент. 25 23:28:09 VOLT 2013] File "templates/articles" changed, restarting.
[Ср. сент. 25 23:28:09 VOLT 2013] File "templates/articles" changed, restarting.
[Ср. сент. 25 23:28:11 VOLT 2013] File "templates/articles" changed, restarting.
[Ср. сент. 25 23:28:13 VOLT 2013] File "templates/articles" changed, restarting.
[Ср. сент. 25 23:28:14 VOLT 2013] File "templates/articles" changed, restarting.
[Ср. сент. 25 23:28:16 VOLT 2013] File "templates/articles" changed, restarting.
[Ср. сент. 25 23:28:19 VOLT 2013] File "templates/articles" changed, restarting.
[Ср. сент. 25 23:28:23 VOLT 2013] File "templates/articles" changed, restarting.
[Ср. сент. 25 23:28:39 VOLT 2013] File "templates/articles" changed, restarting.
[Ср. сент. 25 23:28:42 VOLT 2013] File "templates/articles" changed, restarting.
[Ср. сент. 25 23:28:42 VOLT 2013] File "templates/articles/list.html.ep" changed, restarting.
[Ср. сент. 25 23:29:41 VOLT 2013] File "lib/Wiki.pm" changed, restarting.
[Ср. сент. 25 23:30:10 VOLT 2013] File "lib/Wiki.pm" changed, restarting.
[Ср. сент. 25 23:30:16 VOLT 2013] File "lib/Wiki" changed, restarting.
[Ср. сент. 25 23:30:18 VOLT 2013] File "lib/Wiki" changed, restarting.
[Ср. сент. 25 23:30:19 VOLT 2013] File "lib/Wiki" changed, restarting.
[Ср. сент. 25 23:30:26 VOLT 2013] File "lib/Wiki" changed, restarting.
[Ср. сент. 25 23:30:31 VOLT 2013] File "lib/Wiki" changed, restarting.
[Ср. сент. 25 23:30:38 VOLT 2013] File "lib/Wiki/Articles.pm" changed, restarting.
[Ср. сент. 25 23:30:39 VOLT 2013] File "lib/Wiki" changed, restarting.
[Ср. сент. 25 23:30:48 VOLT 2013] File "templates/articles" changed, restarting.
[Ср. сент. 25 23:30:50 VOLT 2013] File "lib/Wiki" changed, restarting.
[Ср. сент. 25 23:30:53 VOLT 2013] File "lib/Wiki" changed, restarting.
[Ср. сент. 25 23:30:56 VOLT 2013] File "lib/Wiki" changed, restarting.
[Ср. сент. 25 23:30:56 VOLT 2013] File "lib/Wiki" changed, restarting.
[Ср. сент. 25 23:30:58 VOLT 2013] File "lib/Wiki" changed, restarting.
[Ср. сент. 25 23:31:08 VOLT 2013] File "lib/Wiki" changed, restarting.
[Ср. сент. 25 23:31:09 VOLT 2013] File "lib/Wiki" changed, restarting.
[Ср. сент. 25 23:31:15 VOLT 2013] File "lib/Wiki" changed, restarting.
[Ср. сент. 25 23:31:15 VOLT 2013] File "lib/Wiki" changed, restarting.
[Ср. сент. 25 23:31:19 VOLT 2013] File "lib/Wiki" changed, restarting.
[Ср. сент. 25 23:31:19 VOLT 2013] File "lib/Wiki" changed, restarting.
[Ср. сент. 25 23:31:22 VOLT 2013] File "lib/Wiki" changed, restarting.
[Ср. сент. 25 23:31:25 VOLT 2013] File "lib/Wiki" changed, restarting.
[Ср. сент. 25 23:31:26 VOLT 2013] File "lib/Wiki" changed, restarting.
[Ср. сент. 25 23:31:28 VOLT 2013] File "lib/Wiki" changed, restarting.
[Ср. сент. 25 23:31:29 VOLT 2013] File "lib/Wiki" changed, restarting.
[Ср. сент. 25 23:31:32 VOLT 2013] File "lib/Wiki" changed, restarting.
[Ср. сент. 25 23:31:35 VOLT 2013] File "lib/Wiki" changed, restarting.
[Ср. сент. 25 23:31:36 VOLT 2013] File "lib/Wiki" changed, restarting.
[Ср. сент. 25 23:31:38 VOLT 2013] File "lib/Wiki" changed, restarting.
[Ср. сент. 25 23:31:41 VOLT 2013] File "lib/Wiki" changed, restarting.
[Ср. сент. 25 23:31:41 VOLT 2013] File "lib/Wiki" changed, restarting.
[Ср. сент. 25 23:31:44 VOLT 2013] File "lib/Wiki" changed, restarting.
[Ср. сент. 25 23:31:55 VOLT 2013] File "lib/Wiki" changed, restarting.
[Ср. сент. 25 23:32:01 VOLT 2013] File "lib/Wiki" changed, restarting.
[Ср. сент. 25 23:32:03 VOLT 2013] File "lib/Wiki" changed, restarting.
[Ср. сент. 25 23:32:04 VOLT 2013] File "lib/Wiki" changed, restarting.
[Ср. сент. 25 23:32:04 VOLT 2013] File "lib/Wiki" changed, restarting.
[Ср. сент. 25 23:32:12 VOLT 2013] File "lib/Wiki" changed, restarting.
[Ср. сент. 25 23:32:13 VOLT 2013] File "lib/Wiki" changed, restarting.
[Ср. сент. 25 23:32:13 VOLT 2013] File "lib/Wiki/Articles.pm" changed, restarting.
[Ср. сент. 25 23:32:18 VOLT 2013] File "lib/Wiki" changed, restarting.
[Ср. сент. 25 23:32:20 VOLT 2013] File "lib/Wiki" changed, restarting.
[Ср. сент. 25 23:32:27 VOLT 2013] File "lib/Wiki" changed, restarting.
[Ср. сент. 25 23:32:37 VOLT 2013] File "lib/Wiki" changed, restarting.
[Ср. сент. 25 23:32:42 VOLT 2013] File "lib/Wiki" changed, restarting.
[Ср. сент. 25 23:32:42 VOLT 2013] File "lib/Wiki/Articles.pm" changed, restarting.
[Ср. сент. 25 23:32:52 VOLT 2013] File "lib/Wiki" changed, restarting.
[Ср. сент. 25 23:32:54 VOLT 2013] File "lib/Wiki" changed, restarting.
[Ср. сент. 25 23:32:56 VOLT 2013] File "lib/Wiki" changed, restarting.
[Ср. сент. 25 23:32:57 VOLT 2013] File "lib/Wiki" changed, restarting.
[Ср. сент. 25 23:32:58 VOLT 2013] File "lib/Wiki" changed, restarting.
[Ср. сент. 25 23:32:59 VOLT 2013] File "lib/Wiki" changed, restarting.
[Ср. сент. 25 23:33:02 VOLT 2013] File "lib/Wiki" changed, restarting.
[Ср. сент. 25 23:33:02 VOLT 2013] File "lib/Wiki" changed, restarting.
[Ср. сент. 25 23:33:04 VOLT 2013] File "lib/Wiki" changed, restarting.
[Ср. сент. 25 23:33:04 VOLT 2013] File "lib/Wiki" changed, restarting.
[Ср. сент. 25 23:33:11 VOLT 2013] File "lib/Wiki/Articles.pm" changed, restarting.
[Ср. сент. 25 23:33:12 VOLT 2013] File "lib/Wiki" changed, restarting.
[Ср. сент. 25 23:33:39 VOLT 2013] File "lib/Wiki" changed, restarting.
[Ср. сент. 25 23:33:41 VOLT 2013] File "lib/Wiki" changed, restarting.
[Ср. сент. 25 23:33:43 VOLT 2013] File "lib/Wiki" changed, restarting.
[Ср. сент. 25 23:33:48 VOLT 2013] File "lib/Wiki" changed, restarting.
[Ср. сент. 25 23:33:50 VOLT 2013] File "lib/Wiki" changed, restarting.
[Ср. сент. 25 23:33:54 VOLT 2013] File "lib/Wiki" changed, restarting.
[Ср. сент. 25 23:33:59 VOLT 2013] File "lib/Wiki" changed, restarting.
[Ср. сент. 25 23:34:00 VOLT 2013] File "lib/Wiki" changed, restarting.
[Ср. сент. 25 23:34:00 VOLT 2013] File "lib/Wiki" changed, restarting.
[Ср. сент. 25 23:34:08 VOLT 2013] File "lib/Wiki" changed, restarting.
[Ср. сент. 25 23:34:12 VOLT 2013] File "lib/Wiki" changed, restarting.
[Ср. сент. 25 23:34:14 VOLT 2013] File "lib/Wiki" changed, restarting.
[Ср. сент. 25 23:34:19 VOLT 2013] File "lib/Wiki" changed, restarting.
[Ср. сент. 25 23:34:20 VOLT 2013] File "lib/Wiki" changed, restarting.
[Ср. сент. 25 23:34:23 VOLT 2013] File "lib/Wiki" changed, restarting.
[Ср. сент. 25 23:34:25 VOLT 2013] File "lib/Wiki" changed, restarting.
[Ср. сент. 25 23:34:25 VOLT 2013] File "lib/Wiki/Articles.pm" changed, restarting.
[Ср. сент. 25 23:34:30 VOLT 2013] File "templates/articles" changed, restarting.
[Ср. сент. 25 23:34:40 VOLT 2013] File "lib/Wiki" changed, restarting.
[Ср. сент. 25 23:42:47 VOLT 2013] File "templates/articles" changed, restarting.
[Ср. сент. 25 23:42:52 VOLT 2013] File "templates/articles" changed, restarting.
[Ср. сент. 25 23:43:27 VOLT 2013] File "lib/Wiki.pm" changed, restarting.
[Ср. сент. 25 23:44:11 VOLT 2013] File "lib/Wiki" changed, restarting.
[Ср. сент. 25 23:44:17 VOLT 2013] File "lib/Wiki" changed, restarting.
[Ср. сент. 25 23:44:18 VOLT 2013] File "lib/Wiki" changed, restarting.
[Ср. сент. 25 23:44:18 VOLT 2013] File "lib/Wiki" changed, restarting.
[Ср. сент. 25 23:44:21 VOLT 2013] File "lib/Wiki" changed, restarting.
[Ср. сент. 25 23:44:23 VOLT 2013] File "lib/Wiki" changed, restarting.
[Ср. сент. 25 23:44:33 VOLT 2013] File "lib/Wiki" changed, restarting.
[Ср. сент. 25 23:44:33 VOLT 2013] File "lib/Wiki/Articles.pm" changed, restarting.
[Ср. сент. 25 23:44:35 VOLT 2013] File "lib/Wiki" changed, restarting.
[Ср. сент. 25 23:44:48 VOLT 2013] File "templates/articles" changed, restarting.
[Ср. сент. 25 23:45:13 VOLT 2013] File "lib/Wiki" changed, restarting.
[Ср. сент. 25 23:45:13 VOLT 2013] File "lib/Wiki/Articles.pm" changed, restarting.
[Ср. сент. 25 23:45:22 VOLT 2013] File "templates/articles" changed, restarting.
[Ср. сент. 25 23:45:23 VOLT 2013] File "templates/articles" changed, restarting.
[Ср. сент. 25 23:45:26 VOLT 2013] File "templates/articles" changed, restarting.
[Ср. сент. 25 23:45:26 VOLT 2013] File "templates/articles" changed, restarting.
[Ср. сент. 25 23:45:43 VOLT 2013] File "templates/articles" changed, restarting.
[Ср. сент. 25 23:45:45 VOLT 2013] File "templates/articles" changed, restarting.
[Ср. сент. 25 23:45:47 VOLT 2013] File "templates/articles" changed, restarting.
[Ср. сент. 25 23:45:53 VOLT 2013] File "templates/articles/list.html.ep" changed, restarting.
[Ср. сент. 25 23:45:53 VOLT 2013] File "templates/articles" changed, restarting.
[Ср. сент. 25 23:45:55 VOLT 2013] File "templates/articles" changed, restarting.
[Ср. сент. 25 23:46:29 VOLT 2013] File "templates/articles" changed, restarting.
[Ср. сент. 25 23:46:32 VOLT 2013] File "templates/articles" changed, restarting.
[Ср. сент. 25 23:46:38 VOLT 2013] File "templates/articles" changed, restarting.
[Ср. сент. 25 23:46:45 VOLT 2013] File "templates/articles" changed, restarting.
[Ср. сент. 25 23:47:02 VOLT 2013] File "lib/Wiki" changed, restarting.
[Ср. сент. 25 23:47:03 VOLT 2013] File "lib/Wiki" changed, restarting.
[Ср. сент. 25 23:47:04 VOLT 2013] File "lib/Wiki" changed, restarting.
[Ср. сент. 25 23:47:23 VOLT 2013] File "lib/Wiki" changed, restarting.
[Ср. сент. 25 23:47:23 VOLT 2013] File "lib/Wiki/Articles.pm" changed, restarting.
[Ср. сент. 25 23:47:24 VOLT 2013] File "lib/Wiki" changed, restarting.
[Ср. сент. 25 23:47:32 VOLT 2013] File "templates/articles" changed, restarting.
[Ср. сент. 25 23:47:37 VOLT 2013] File "templates/articles/list.html.ep" changed, restarting.
[Ср. сент. 25 23:47:37 VOLT 2013] File "templates/articles" changed, restarting.
[Ср. сент. 25 23:48:01 VOLT 2013] File "templates/articles/list.html.ep" changed, restarting.
[Ср. сент. 25 23:48:02 VOLT 2013] File "templates/articles" changed, restarting.
[Ср. сент. 25 23:48:25 VOLT 2013] File "templates/articles" changed, restarting.
[Ср. сент. 25 23:48:29 VOLT 2013] File "templates/articles" changed, restarting.
[Ср. сент. 25 23:48:30 VOLT 2013] File "templates/articles" changed, restarting.
[Ср. сент. 25 23:48:31 VOLT 2013] File "templates/articles" changed, restarting.
[Ср. сент. 25 23:48:33 VOLT 2013] File "templates/articles" changed, restarting.
[Ср. сент. 25 23:48:38 VOLT 2013] File "templates/articles" changed, restarting.
[Ср. сент. 25 23:48:40 VOLT 2013] File "templates/articles" changed, restarting.
[Ср. сент. 25 23:48:44 VOLT 2013] File "templates/articles" changed, restarting.
[Ср. сент. 25 23:48:44 VOLT 2013] File "templates/articles" changed, restarting.
[Ср. сент. 25 23:49:03 VOLT 2013] File "templates/articles" changed, restarting.
[Ср. сент. 25 23:49:04 VOLT 2013] File "templates/articles" changed, restarting.
[Ср. сент. 25 23:49:12 VOLT 2013] File "templates/articles" changed, restarting.
[Ср. сент. 25 23:49:19 VOLT 2013] File "templates/articles" changed, restarting.
[Ср. сент. 25 23:49:23 VOLT 2013] File "templates/articles/list.html.ep" changed, restarting.
[Ср. сент. 25 23:49:24 VOLT 2013] File "templates/articles" changed, restarting.
[Ср. сент. 25 23:50:09 VOLT 2013] File "templates/articles" changed, restarting.
[Ср. сент. 25 23:50:12 VOLT 2013] File "templates/articles" changed, restarting.
[Ср. сент. 25 23:50:14 VOLT 2013] File "templates/articles" changed, restarting.
[Ср. сент. 25 23:50:15 VOLT 2013] File "templates/articles" changed, restarting.
[Ср. сент. 25 23:50:18 VOLT 2013] File "templates/articles" changed, restarting.
[Ср. сент. 25 23:50:22 VOLT 2013] File "templates/articles" changed, restarting.
[Ср. сент. 25 23:50:23 VOLT 2013] File "templates/articles/list.html.ep" changed, restarting.
[Ср. сент. 25 23:50:29 VOLT 2013] File "templates/articles/list.html.ep" changed, restarting.
[Ср. сент. 25 23:50:30 VOLT 2013] File "templates/articles" changed, restarting.
[Ср. сент. 25 23:52:20 VOLT 2013] File "templates/articles" changed, restarting.
[Ср. сент. 25 23:52:21 VOLT 2013] File "templates/articles" changed, restarting.
[Ср. сент. 25 23:52:26 VOLT 2013] File "templates/articles" changed, restarting.
[Ср. сент. 25 23:52:26 VOLT 2013] File "templates/articles/list.html.ep" changed, restarting.
[Ср. сент. 25 23:53:56 VOLT 2013] File "templates/articles/list.html.ep" changed, restarting.
[Ср. сент. 25 23:53:56 VOLT 2013] File "templates/articles" changed, restarting.
[Ср. сент. 25 23:55:58 VOLT 2013] File "templates/articles" changed, restarting.
[Ср. сент. 25 23:56:01 VOLT 2013] File "templates/articles" changed, restarting.
[Ср. сент. 25 23:56:06 VOLT 2013] File "templates/articles/list.html.ep" changed, restarting.
[Ср. сент. 25 23:56:07 VOLT 2013] File "templates/articles" changed, restarting.
[Ср. сент. 25 23:56:21 VOLT 2013] File "templates/articles" changed, restarting.
[Ср. сент. 25 23:56:24 VOLT 2013] File "templates/articles" changed, restarting.
[Ср. сент. 25 23:56:35 VOLT 2013] File "templates/articles/list.html.ep" changed, restarting.
[Ср. сент. 25 23:56:35 VOLT 2013] File "templates/articles" changed, restarting.
[Ср. сент. 25 23:57:19 VOLT 2013] File "templates/articles/list.html.ep" changed, restarting.
[Ср. сент. 25 23:57:19 VOLT 2013] File "templates/articles" changed, restarting.
[Ср. сент. 25 23:57:21 VOLT 2013] File "templates/articles" changed, restarting.
[Ср. сент. 25 23:57:30 VOLT 2013] File "templates/articles/list.html.ep" changed, restarting.
[Ср. сент. 25 23:57:30 VOLT 2013] File "templates/articles" changed, restarting.
[Ср. сент. 25 23:59:42 VOLT 2013] File "templates/articles/list.html.ep" changed, restarting.
[Ср. сент. 25 23:59:42 VOLT 2013] File "templates/articles" changed, restarting.
[Чт. сент. 26 00:01:38 VOLT 2013] File "templates/articles" changed, restarting.
[Чт. сент. 26 00:01:40 VOLT 2013] File "templates/articles" changed, restarting.
[Чт. сент. 26 00:01:47 VOLT 2013] File "templates/articles" changed, restarting.
[Чт. сент. 26 00:01:48 VOLT 2013] File "templates/articles" changed, restarting.
[Чт. сент. 26 00:01:51 VOLT 2013] File "templates/articles" changed, restarting.
[Чт. сент. 26 00:01:53 VOLT 2013] File "templates/articles" changed, restarting.
[Чт. сент. 26 00:01:55 VOLT 2013] File "templates/articles" changed, restarting.
[Чт. сент. 26 00:01:57 VOLT 2013] File "templates/articles/list.html.ep" changed, restarting.
[Чт. сент. 26 00:01:58 VOLT 2013] File "templates/articles" changed, restarting.
[Чт. сент. 26 00:01:58 VOLT 2013] File "templates/articles" changed, restarting.
[Чт. сент. 26 00:02:33 VOLT 2013] File "templates/articles" changed, restarting.
[Чт. сент. 26 00:02:41 VOLT 2013] File "templates/articles" changed, restarting.
[Чт. сент. 26 00:02:43 VOLT 2013] File "templates/articles/list.html.ep" changed, restarting.
[Чт. сент. 26 00:02:45 VOLT 2013] File "templates/articles" changed, restarting.
[Чт. сент. 26 00:02:51 VOLT 2013] File "templates/articles/list.html.ep" changed, restarting.
[Чт. сент. 26 00:02:52 VOLT 2013] File "templates/articles" changed, restarting.
[Чт. сент. 26 00:02:54 VOLT 2013] File "templates/articles" changed, restarting.
[Чт. сент. 26 00:02:56 VOLT 2013] File "templates/articles" changed, restarting.
[Чт. сент. 26 00:03:01 VOLT 2013] File "templates/articles" changed, restarting.
[Чт. сент. 26 00:03:06 VOLT 2013] File "templates/articles" changed, restarting.
[Чт. сент. 26 00:03:07 VOLT 2013] File "templates/articles/list.html.ep" changed, restarting.
[Чт. сент. 26 00:03:07 VOLT 2013] File "templates/articles" changed, restarting.
[Чт. сент. 26 00:03:08 VOLT 2013] File "templates/articles/list.html.ep" changed, restarting.
[Чт. сент. 26 00:03:09 VOLT 2013] File "templates/articles" changed, restarting.
[Чт. сент. 26 00:03:15 VOLT 2013] File "templates/articles/list.html.ep" changed, restarting.
[Чт. сент. 26 00:03:16 VOLT 2013] File "templates/articles" changed, restarting.
[Чт. сент. 26 00:03:21 VOLT 2013] File "templates/articles" changed, restarting.
[Чт. сент. 26 00:03:22 VOLT 2013] File "templates/articles" changed, restarting.
[Чт. сент. 26 00:03:23 VOLT 2013] File "templates/articles" changed, restarting.
[Чт. сент. 26 00:03:25 VOLT 2013] File "templates/articles" changed, restarting.
[Чт. сент. 26 00:03:25 VOLT 2013] File "templates/articles" changed, restarting.
[Чт. сент. 26 00:03:33 VOLT 2013] File "templates/articles" changed, restarting.
[Чт. сент. 26 00:03:33 VOLT 2013] File "templates/articles" changed, restarting.
[Чт. сент. 26 00:03:38 VOLT 2013] File "templates/articles" changed, restarting.
[Чт. сент. 26 00:03:38 VOLT 2013] File "templates/articles/list.html.ep" changed, restarting.
[Чт. сент. 26 00:03:38 VOLT 2013] File "templates/articles" changed, restarting.
[Чт. сент. 26 00:03:40 VOLT 2013] File "templates/articles/list.html.ep" changed, restarting.
[Чт. сент. 26 00:05:37 VOLT 2013] File "templates/articles" changed, restarting.
[Чт. сент. 26 00:05:37 VOLT 2013] File "templates/articles/list.html.ep" changed, restarting.
[Чт. сент. 26 00:05:42 VOLT 2013] File "templates/articles" changed, restarting.
[Чт. сент. 26 00:05:43 VOLT 2013] File "templates/articles" changed, restarting.
[Чт. сент. 26 00:05:44 VOLT 2013] File "templates/articles/list.html.ep" changed, restarting.
[Чт. сент. 26 00:05:45 VOLT 2013] File "templates/articles" changed, restarting.
[Чт. сент. 26 00:05:57 VOLT 2013] File "templates/articles" changed, restarting.
[Чт. сент. 26 00:06:00 VOLT 2013] File "templates/articles/list.html.ep" changed, restarting.
[Чт. сент. 26 00:06:01 VOLT 2013] File "templates/articles" changed, restarting.
[Чт. сент. 26 00:07:49 VOLT 2013] File "templates/articles" changed, restarting.
[Чт. сент. 26 00:08:23 VOLT 2013] File "templates/articles" changed, restarting.
[Чт. сент. 26 00:08:26 VOLT 2013] File "templates/articles" changed, restarting.
[Чт. сент. 26 00:08:26 VOLT 2013] File "templates/articles/list.html.ep" changed, restarting.
[Чт. сент. 26 00:08:40 VOLT 2013] File "templates/articles" changed, restarting.
[Чт. сент. 26 00:08:47 VOLT 2013] File "templates/articles" changed, restarting.
[Чт. сент. 26 00:08:48 VOLT 2013] File "templates/articles/list.html.ep" changed, restarting.
[Чт. сент. 26 00:09:16 VOLT 2013] File "templates/articles" changed, restarting.
[Чт. сент. 26 00:09:16 VOLT 2013] File "templates/articles" changed, restarting.
[Чт. сент. 26 00:09:18 VOLT 2013] File "templates/articles" changed, restarting.
[Чт. сент. 26 00:09:18 VOLT 2013] File "templates/articles/list.html.ep" changed, restarting.
[Чт. сент. 26 00:09:28 VOLT 2013] File "templates/articles" changed, restarting.
[Чт. сент. 26 00:09:29 VOLT 2013] File "templates/articles" changed, restarting.
[Чт. сент. 26 00:13:48 VOLT 2013] Odd number of elements in anonymous hash at /mfr/www/wiki/script/../lib/Wiki/Articles.pm line 20.
[Чт. сент. 26 00:15:12 VOLT 2013] File "templates/articles" changed, restarting.
[Чт. сент. 26 00:15:12 VOLT 2013] File "templates/articles/list.html.ep" changed, restarting.
[Чт. сент. 26 00:15:13 VOLT 2013] File "templates/articles" changed, restarting.
[Чт. сент. 26 00:15:27 VOLT 2013] Odd number of elements in anonymous hash at /mfr/www/wiki/script/../lib/Wiki/Articles.pm line 20.
[Чт. сент. 26 00:16:06 VOLT 2013] File "lib/Wiki" changed, restarting.
[Чт. сент. 26 00:16:10 VOLT 2013] File "lib/Wiki" changed, restarting.
[Чт. сент. 26 00:16:11 VOLT 2013] File "lib/Wiki" changed, restarting.
[Чт. сент. 26 00:16:11 VOLT 2013] File "lib/Wiki/Articles.pm" changed, restarting.
[Чт. сент. 26 00:19:16 VOLT 2013] File "lib/Wiki" changed, restarting.
[Чт. сент. 26 00:19:16 VOLT 2013] File "lib/Wiki" changed, restarting.
[Чт. сент. 26 00:19:20 VOLT 2013] File "lib/Wiki" changed, restarting.
[Чт. сент. 26 00:19:20 VOLT 2013] File "lib/Wiki/Articles.pm" changed, restarting.
[Чт. сент. 26 00:20:18 VOLT 2013] File "lib/Wiki.pm" changed, restarting.
[Чт. сент. 26 00:20:18 VOLT 2013] File "lib/Wiki.pm" changed, restarting.
[Чт. сент. 26 00:21:14 VOLT 2013] File "lib/Wiki" changed, restarting.
[Чт. сент. 26 00:21:15 VOLT 2013] File "lib/Wiki" changed, restarting.
[Чт. сент. 26 00:21:20 VOLT 2013] File "lib/Wiki" changed, restarting.
[Чт. сент. 26 00:21:20 VOLT 2013] File "lib/Wiki/Articles.pm" changed, restarting.
[Чт. сент. 26 00:24:59 VOLT 2013] File "lib/Wiki" changed, restarting.
[Чт. сент. 26 00:24:59 VOLT 2013] File "lib/Wiki/Articles.pm" changed, restarting.
[Чт. сент. 26 00:25:37 VOLT 2013] File "templates/articles" changed, restarting.
[Чт. сент. 26 00:25:42 VOLT 2013] File "templates/articles" changed, restarting.
[Чт. сент. 26 00:25:45 VOLT 2013] File "templates/articles" changed, restarting.
[Чт. сент. 26 00:25:49 VOLT 2013] File "templates/articles" changed, restarting.
[Чт. сент. 26 00:25:52 VOLT 2013] File "templates/articles" changed, restarting.
[Чт. сент. 26 00:25:59 VOLT 2013] File "templates/articles" changed, restarting.
[Чт. сент. 26 00:26:01 VOLT 2013] File "templates/articles" changed, restarting.
[Чт. сент. 26 00:26:02 VOLT 2013] File "templates/articles" changed, restarting.
[Чт. сент. 26 00:26:04 VOLT 2013] File "templates/articles" changed, restarting.
[Чт. сент. 26 00:26:04 VOLT 2013] File "templates/articles/list.html.ep" changed, restarting.
[Чт. сент. 26 00:26:43 VOLT 2013] File "lib/Wiki" changed, restarting.
[Чт. сент. 26 00:26:44 VOLT 2013] File "lib/Wiki" changed, restarting.
[Чт. сент. 26 00:26:50 VOLT 2013] File "lib/Wiki" changed, restarting.
[Чт. сент. 26 00:26:51 VOLT 2013] File "lib/Wiki" changed, restarting.
[Чт. сент. 26 00:26:52 VOLT 2013] File "lib/Wiki/Articles.pm" changed, restarting.
[Чт. сент. 26 00:26:52 VOLT 2013] File "lib/Wiki" changed, restarting.
[Чт. сент. 26 00:26:53 VOLT 2013] File "lib/Wiki" changed, restarting.
[Чт. сент. 26 00:29:52 VOLT 2013] File "lib/Wiki" changed, restarting.
[Чт. сент. 26 00:29:55 VOLT 2013] File "lib/Wiki" changed, restarting.
[Чт. сент. 26 00:29:55 VOLT 2013] File "lib/Wiki/Articles.pm" changed, restarting.
[Чт. сент. 26 00:29:55 VOLT 2013] File "lib/Wiki" changed, restarting.
[Чт. сент. 26 00:30:07 VOLT 2013] File "lib/Wiki" changed, restarting.
[Чт. сент. 26 00:30:08 VOLT 2013] File "lib/Wiki" changed, restarting.
[Чт. сент. 26 00:30:10 VOLT 2013] File "lib/Wiki/Articles.pm" changed, restarting.
[Чт. сент. 26 00:30:10 VOLT 2013] File "lib/Wiki" changed, restarting.
[Чт. сент. 26 00:30:12 VOLT 2013] File "lib/Wiki" changed, restarting.
[Чт. сент. 26 00:31:14 VOLT 2013] File "lib/Wiki/Articles.pm" changed, restarting.
[Чт. сент. 26 00:31:14 VOLT 2013] File "lib/Wiki" changed, restarting.
[Чт. сент. 26 00:31:17 VOLT 2013] File "lib/Wiki" changed, restarting.
[Чт. сент. 26 01:00:05 VOLT 2013] File "templates/articles/list.html.ep" changed, restarting.
[Чт. сент. 26 01:00:06 VOLT 2013] File "templates/articles" changed, restarting.
[Чт. сент. 26 01:00:11 VOLT 2013] File "templates/articles/list.html.ep" changed, restarting.
[Чт. сент. 26 01:00:13 VOLT 2013] File "templates/articles" changed, restarting.
[Чт. сент. 26 01:03:03 VOLT 2013] File "templates/articles" changed, restarting.
[Чт. сент. 26 01:03:04 VOLT 2013] File "templates/articles" changed, restarting.
[Чт. сент. 26 01:03:04 VOLT 2013] File "templates/articles" changed, restarting.
[Чт. сент. 26 01:03:07 VOLT 2013] File "templates/articles" changed, restarting.
[Чт. сент. 26 01:03:11 VOLT 2013] File "templates/articles" changed, restarting.
[Чт. сент. 26 01:03:11 VOLT 2013] File "templates/articles/list.html.ep" changed, restarting.
[Чт. сент. 26 01:03:13 VOLT 2013] File "templates/articles" changed, restarting.
[Чт. сент. 26 01:04:19 VOLT 2013] File "templates/articles/list.html.ep" changed, restarting.
[Чт. сент. 26 01:04:19 VOLT 2013] File "templates/articles" changed, restarting.
[Чт. сент. 26 01:08:49 VOLT 2013] File "templates/articles" changed, restarting.
[Чт. сент. 26 01:08:50 VOLT 2013] File "templates/articles" changed, restarting.
[Чт. сент. 26 01:08:53 VOLT 2013] File "templates/articles" changed, restarting.
[Чт. сент. 26 01:09:03 VOLT 2013] File "templates/articles" changed, restarting.
[Чт. сент. 26 01:09:04 VOLT 2013] File "templates/articles" changed, restarting.
[Чт. сент. 26 01:09:07 VOLT 2013] File "templates/articles" changed, restarting.
[Чт. сент. 26 01:09:09 VOLT 2013] File "templates/articles/list.html.ep" changed, restarting.
[Чт. сент. 26 01:09:34 VOLT 2013] File "templates/articles" changed, restarting.
[Чт. сент. 26 01:09:37 VOLT 2013] File "templates/articles" changed, restarting.
[Чт. сент. 26 01:09:40 VOLT 2013] File "templates/articles/list.html.ep" changed, restarting.
[Чт. сент. 26 01:09:40 VOLT 2013] File "templates/articles" changed, restarting.
[Чт. сент. 26 01:09:57 VOLT 2013] File "templates/articles" changed, restarting.
[Чт. сент. 26 01:09:58 VOLT 2013] File "templates/articles" changed, restarting.
[Чт. сент. 26 01:09:59 VOLT 2013] File "templates/articles/list.html.ep" changed, restarting.
[Чт. сент. 26 01:10:01 VOLT 2013] File "templates/articles" changed, restarting.
[Чт. сент. 26 01:11:57 VOLT 2013] File "templates/articles" changed, restarting.
[Чт. сент. 26 01:12:03 VOLT 2013] File "templates/articles/list.html.ep" changed, restarting.
[Чт. сент. 26 01:12:03 VOLT 2013] File "templates/articles" changed, restarting.
[Чт. сент. 26 01:12:04 VOLT 2013] File "templates/articles" changed, restarting.
[Чт. сент. 26 01:14:24 VOLT 2013] File "templates/articles" changed, restarting.
[Чт. сент. 26 01:14:24 VOLT 2013] File "templates/articles" changed, restarting.
[Чт. сент. 26 01:14:34 VOLT 2013] File "templates/articles" changed, restarting.
[Чт. сент. 26 01:14:39 VOLT 2013] File "templates/articles" changed, restarting.
[Чт. сент. 26 01:14:44 VOLT 2013] File "templates/articles" changed, restarting.
[Чт. сент. 26 01:14:44 VOLT 2013] File "templates/articles/list.html.ep" changed, restarting.
[Чт. сент. 26 01:14:45 VOLT 2013] File "templates/articles/list.html.ep" changed, restarting.
[Чт. сент. 26 01:15:45 VOLT 2013] File "templates/articles" changed, restarting.
[Чт. сент. 26 01:15:45 VOLT 2013] File "templates/articles/list.html.ep" changed, restarting.
[Чт. сент. 26 01:15:45 VOLT 2013] File "templates/articles" changed, restarting.
[Чт. сент. 26 01:19:38 VOLT 2013] File "templates/articles" changed, restarting.
[Чт. сент. 26 01:19:38 VOLT 2013] File "templates/articles" changed, restarting.
[Чт. сент. 26 01:19:41 VOLT 2013] File "templates/articles" changed, restarting.
[Чт. сент. 26 01:19:41 VOLT 2013] File "templates/articles" changed, restarting.
[Чт. сент. 26 01:19:44 VOLT 2013] File "templates/articles" changed, restarting.
[Чт. сент. 26 01:19:47 VOLT 2013] File "templates/articles" changed, restarting.
[Чт. сент. 26 01:19:49 VOLT 2013] File "templates/articles" changed, restarting.
[Чт. сент. 26 01:19:51 VOLT 2013] File "templates/articles/list.html.ep" changed, restarting.
[Чт. сент. 26 01:19:52 VOLT 2013] File "templates/articles" changed, restarting.
[Чт. сент. 26 01:21:40 VOLT 2013] File "templates/articles" changed, restarting.
[Чт. сент. 26 01:21:40 VOLT 2013] File "lib/Wiki" changed, restarting.
[Чт. сент. 26 01:22:43 VOLT 2013] File "lib/Wiki/Articles.pm" changed, restarting.
[Чт. сент. 26 01:22:43 VOLT 2013] File "lib/Wiki" changed, restarting.
[Чт. сент. 26 01:22:46 VOLT 2013] File "lib/Wiki/Articles.pm" changed, restarting.
[Чт. сент. 26 01:22:46 VOLT 2013] File "lib/Wiki" changed, restarting.
[Чт. сент. 26 01:22:48 VOLT 2013] File "lib/Wiki" changed, restarting.
[Чт. сент. 26 01:23:39 VOLT 2013] File "lib/Wiki" changed, restarting.
[Чт. сент. 26 01:23:42 VOLT 2013] File "lib/Wiki/Articles.pm" changed, restarting.
[Чт. сент. 26 01:23:42 VOLT 2013] File "lib/Wiki" changed, restarting.
[Чт. сент. 26 01:23:43 VOLT 2013] Use of uninitialized value in concatenation (.) or string at template articles/list.html.ep line 57.
[Чт. сент. 26 01:23:43 VOLT 2013] Use of uninitialized value in concatenation (.) or string at template articles/list.html.ep line 62.
[Чт. сент. 26 01:23:43 VOLT 2013] File "lib/Wiki" changed, restarting.
[Чт. сент. 26 01:23:45 VOLT 2013] Use of uninitialized value in concatenation (.) or string at template articles/list.html.ep line 57.
[Чт. сент. 26 01:23:45 VOLT 2013] Use of uninitialized value in concatenation (.) or string at template articles/list.html.ep line 62.
[Чт. сент. 26 01:23:50 VOLT 2013] Use of uninitialized value in concatenation (.) or string at template articles/list.html.ep line 57.
[Чт. сент. 26 01:23:50 VOLT 2013] Use of uninitialized value in concatenation (.) or string at template articles/list.html.ep line 62.
[Чт. сент. 26 01:23:53 VOLT 2013] Use of uninitialized value in concatenation (.) or string at template articles/list.html.ep line 57.
[Чт. сент. 26 01:23:53 VOLT 2013] Use of uninitialized value in concatenation (.) or string at template articles/list.html.ep line 62.
[Чт. сент. 26 01:23:54 VOLT 2013] Use of uninitialized value in concatenation (.) or string at template articles/list.html.ep line 57.
[Чт. сент. 26 01:23:54 VOLT 2013] Use of uninitialized value in concatenation (.) or string at template articles/list.html.ep line 62.
[Чт. сент. 26 01:23:56 VOLT 2013] Use of uninitialized value in concatenation (.) or string at template articles/list.html.ep line 57.
[Чт. сент. 26 01:23:56 VOLT 2013] Use of uninitialized value in concatenation (.) or string at template articles/list.html.ep line 62.
[Чт. сент. 26 01:23:58 VOLT 2013] Use of uninitialized value in concatenation (.) or string at template articles/list.html.ep line 57.
[Чт. сент. 26 01:23:58 VOLT 2013] Use of uninitialized value in concatenation (.) or string at template articles/list.html.ep line 62.
[Чт. сент. 26 01:24:00 VOLT 2013] Use of uninitialized value in concatenation (.) or string at template articles/list.html.ep line 57.
[Чт. сент. 26 01:24:00 VOLT 2013] Use of uninitialized value in concatenation (.) or string at template articles/list.html.ep line 62.
